<?xml version="1.0" encoding="UTF-8"?>
<testng-results ignored="0" total="2" passed="2" failed="0" skipped="0">
  <reporter-output>
  </reporter-output>
  <suite started-at="2024-06-07T10:48:25 IST" name="Suite" finished-at="2024-06-07T10:49:08 IST" duration-ms="42395">
    <groups>
    </groups>
    <test started-at="2024-06-07T10:48:25 IST" name="Test" finished-at="2024-06-07T10:49:08 IST" duration-ms="42395">
      <class name="api.test.UserTests2">
        <test-method is-config="true" signature="setUpData()[pri:0, instance:api.test.UserTests2@33a55bd8]" started-at="2024-06-07T10:48:25 IST" name="setUpData" finished-at="2024-06-07T10:48:25 IST" duration-ms="11" status="PASS">
          <reporter-output>
          </reporter-output>
        </test-method> <!-- setUpData -->
        <test-method signature="testPostUser()[pri:1, instance:api.test.UserTests2@33a55bd8]" started-at="2024-06-07T10:48:25 IST" name="testPostUser" finished-at="2024-06-07T10:48:58 IST" duration-ms="32562" status="PASS">
          <reporter-output>
          </reporter-output>
        </test-method> <!-- testPostUser -->
        <test-method signature="getFacilitySummary()[pri:2, instance:api.test.UserTests2@33a55bd8]" started-at="2024-06-07T10:48:58 IST" name="getFacilitySummary" finished-at="2024-06-07T10:49:08 IST" duration-ms="9779" status="PASS">
          <reporter-output>
          </reporter-output>
        </test-method> <!-- getFacilitySummary -->
      </class> <!-- api.test.UserTests2 -->
    </test> <!-- Test -->
  </suite> <!-- Suite -->
</testng-results>
