<?xml version="1.0" encoding="UTF-8"?>
<testsuite xmlns:xsi="http://www.w3.org/2001/XMLSchema-instance" xsi:noNamespaceSchemaLocation="https://maven.apache.org/surefire/maven-surefire-plugin/xsd/surefire-test-report-3.0.xsd" version="3.0" name="TestSuite" time="46.334" tests="2" errors="0" skipped="0" failures="0">
  <properties>
[...]
</properties>
  <testcase name="testPostUser" classname="api.test.UserTests2" time="32.834">
    <system-out><![CDATA[Access Token: eyJhbGciOiJSUzI1NiIsInR5cCI6IkpXVCIsImtpZCI6IlU3VUxsZDVHWTZ2VGlFVUlPcGJhWiJ9.eyJpc3MiOiJodHRwczovL2Fpc3VyZXR5LWRldi5hdS5hdXRoMC5jb20vIiwic3ViIjoiOFlBZ2k0b0hiVmVibmxFbXFzNFJvRG03SGt5NlNOaUlAY2xpZW50cyIsImF1ZCI6IkFJU3VyZXR5LUdyYWlsZUFQSSIsImlhdCI6MTcxNzczNzQ4NywiZXhwIjoxNzE3ODIzODg3LCJzY29wZSI6ImFjY2VzczpmYWNpbGl0eSIsImd0eSI6ImNsaWVudC1jcmVkZW50aWFscyIsImF6cCI6IjhZQWdpNG9IYlZlYm5sRW1xczRSb0RtN0hreTZTTmlJIiwicGVybWlzc2lvbnMiOlsiYWNjZXNzOmZhY2lsaXR5Il19.majVk47tuHLcNCbFNIWaEM8Qu7hpW2mEeEho2VHrDrWbmyAgnS7Uu4hbONrl2joDixvOiOOZM09VC2Cyz1r1qVirNDKk1vGqTBcIPvqeK22-7wJtsea4ltQZyXLCTHjwhA8AvS4lsmy4S1BnQqlN3WhehOnHojyp1ReigMVgNYwZBC9_Q6Q9KH_VOFplQufKZVCGuIAl6SVZggQrCf8KA6_A9VOMD9QgC8Etx017vpZC66F8p5DPR4CV1UdrcYMIIIJj9Swg1kCXOxmbQvnIX8ZIAI2fgPWPm6yO_NIAWdwMCJVfLjmLYlQCfi2KhiL1MruSdZxtaK1GnbeZi2deQw
The facility ID is: 201312-0003
The facility ID is: 201910-0001
The facility ID is: 200903-0001
The facility ID is: 200903-0002
The facility ID is: 200903-0003
The facility ID is: 200903-0004
The facility ID is: 200904-0001
The facility ID is: 200904-0002
The facility ID is: 200904-0003
The facility ID is: 200904-0004
The facility ID is: 200905-0001
The facility ID is: 200905-0002
The facility ID is: 200905-0003
The facility ID is: 200906-0001
The facility ID is: 200906-0002
The facility ID is: 200907-0001
The facility ID is: 200907-0002
The facility ID is: 200907-0003
The facility ID is: 200907-0004
The facility ID is: 200907-0005
The facility ID is: 200907-0006
The facility ID is: 200907-0007
The facility ID is: 200907-0008
The facility ID is: 200907-0009
The facility ID is: 200907-0010
The facility ID is: 200908-0001
The facility ID is: 200908-0002
The facility ID is: 200908-0003
The facility ID is: 200908-0004
The facility ID is: 200908-0005
The facility ID is: 200908-0006
The facility ID is: 200909-0001
The facility ID is: 200909-0002
The facility ID is: 200909-0003
The facility ID is: 200910-0001
The facility ID is: 200910-0002
The facility ID is: 200910-0003
The facility ID is: 200910-0004
The facility ID is: 200910-0005
The facility ID is: 200911-0001
The facility ID is: 200911-0002
The facility ID is: 200911-0003
The facility ID is: 200911-0004
The facility ID is: 200911-0005
The facility ID is: 200911-0006
The facility ID is: 200911-0007
The facility ID is: 200911-0008
The facility ID is: 200911-0009
The facility ID is: 200911-0010
The facility ID is: 200911-0011
The facility ID is: 200912-0001
The facility ID is: 201001-0001
The facility ID is: 201001-0002
The facility ID is: 201001-0003
The facility ID is: 201001-0004
The facility ID is: 201002-0001
The facility ID is: 201003-0001
The facility ID is: 201003-0002
The facility ID is: 201003-0003
The facility ID is: 201003-0004
The facility ID is: 201003-0005
The facility ID is: 201004-0001
The facility ID is: 201004-0002
The facility ID is: 201005-0001
The facility ID is: 201005-0002
The facility ID is: 201005-0003
The facility ID is: 201006-0001
The facility ID is: 201006-0002
The facility ID is: 201006-0003
The facility ID is: 201007-0001
The facility ID is: 201007-0002
The facility ID is: 201007-0003
The facility ID is: 201007-0004
The facility ID is: 201007-0005
The facility ID is: 201008-0001
The facility ID is: 201008-0002
The facility ID is: 201009-0001
The facility ID is: 201009-0002
The facility ID is: 201009-0003
The facility ID is: 201009-0004
The facility ID is: 201010-0001
The facility ID is: 201010-0002
The facility ID is: 201011-0001
The facility ID is: 201011-0002
The facility ID is: 201012-0001
The facility ID is: 201012-0002
The facility ID is: 201012-0003
The facility ID is: 201012-0004
The facility ID is: 201012-0005
The facility ID is: 201103-0001
The facility ID is: 201103-0002
The facility ID is: 201103-0003
The facility ID is: 201104-0001
The facility ID is: 201105-0001
The facility ID is: 201105-0002
The facility ID is: 201105-0003
The facility ID is: 201106-0001
The facility ID is: 201106-0002
The facility ID is: 201106-0003
The facility ID is: 201106-0004
The facility ID is: 201106-0005
The facility ID is: 201107-0001
The facility ID is: 201108-0001
The facility ID is: 201108-0002
The facility ID is: 201109-0001
The facility ID is: 201109-0002
The facility ID is: 201109-0003
The facility ID is: 201109-0004
The facility ID is: 201109-0005
The facility ID is: 201109-0006
The facility ID is: 201110-0001
The facility ID is: 201110-0002
The facility ID is: 201110-0003
The facility ID is: 201111-0001
The facility ID is: 201111-0002
The facility ID is: 201112-0001
The facility ID is: 201202-0001
The facility ID is: 201202-0002
The facility ID is: 201203-0001
The facility ID is: 201205-0001
The facility ID is: 201205-0002
The facility ID is: 201205-0003
The facility ID is: 201207-0001
The facility ID is: 201208-0001
The facility ID is: 201208-0002
The facility ID is: 201208-0003
The facility ID is: 201209-0001
The facility ID is: 201211-0001
The facility ID is: 201211-0002
The facility ID is: 201211-0003
The facility ID is: 201212-0001
The facility ID is: 201302-0001
The facility ID is: 201303-0001
The facility ID is: 201304-0001
The facility ID is: 201304-0002
The facility ID is: 201305-0001
The facility ID is: 201306-0001
The facility ID is: 201306-0002
The facility ID is: 201306-0003
The facility ID is: 201307-0001
The facility ID is: 201307-0002
The facility ID is: 201307-0003
The facility ID is: 201308-0001
The facility ID is: 201309-0001
The facility ID is: 201309-0002
The facility ID is: 201310-0001
The facility ID is: 201310-0002
The facility ID is: 201310-0003
The facility ID is: 201310-0004
The facility ID is: 201310-0005
The facility ID is: 201311-0001
The facility ID is: 201311-0002
The facility ID is: 201311-0003
The facility ID is: 201311-0004
The facility ID is: 201311-0005
The facility ID is: 201312-0001
The facility ID is: 201312-0002
The facility ID is: 201402-0001
The facility ID is: 201403-0001
The facility ID is: 201404-0001
The facility ID is: 201405-0001
The facility ID is: 201405-0002
The facility ID is: 201407-0001
The facility ID is: 201408-0001
The facility ID is: 201409-0001
The facility ID is: 201410-0001
The facility ID is: 201410-0002
The facility ID is: 201410-0003
The facility ID is: 201411-0001
The facility ID is: 201412-0001
The facility ID is: 201501-0001
The facility ID is: 201502-0001
The facility ID is: 201503-0001
The facility ID is: 201504-0001
The facility ID is: 201504-0002
The facility ID is: 201504-0003
The facility ID is: 201504-0004
The facility ID is: 201504-0005
The facility ID is: 201506-0001
The facility ID is: 201507-0001
The facility ID is: 201507-0002
The facility ID is: 201508-0001
The facility ID is: 201508-0002
The facility ID is: 201508-0003
The facility ID is: 201508-0004
The facility ID is: 201509-0001
The facility ID is: 201509-0002
The facility ID is: 201510-0001
The facility ID is: 201510-0002
The facility ID is: 201511-0001
The facility ID is: 201511-0002
The facility ID is: 201601-0001
The facility ID is: 201604-0001
The facility ID is: 201604-0002
The facility ID is: 201605-0001
The facility ID is: 201605-0002
The facility ID is: 201606-0001
The facility ID is: 201606-0002
The facility ID is: 201606-0003
The facility ID is: 201606-0004
The facility ID is: 201606-0005
The facility ID is: 201606-0006
The facility ID is: 201608-0001
The facility ID is: 201608-0002
The facility ID is: 201609-0001
The facility ID is: 201609-0002
The facility ID is: 201610-0001
The facility ID is: 201610-0002
The facility ID is: 201610-0003
The facility ID is: 201610-0004
The facility ID is: 201611-0001
The facility ID is: 201611-0002
The facility ID is: 201611-0003
The facility ID is: 201611-0004
The facility ID is: 201611-0005
The facility ID is: 201611-0006
The facility ID is: 201611-0007
The facility ID is: 201612-0001
The facility ID is: 201612-0002
The facility ID is: 201612-0003
The facility ID is: 201701-0001
The facility ID is: 201701-0002
The facility ID is: 201703-0001
The facility ID is: 201703-0002
The facility ID is: 201703-0003
The facility ID is: 201704-0001
The facility ID is: 201704-0002
The facility ID is: 201704-0003
The facility ID is: 201812-0001
The facility ID is: 201803-0010
The facility ID is: 201904-0001
The facility ID is: 202002-0002
The facility ID is: 202110-0003
The facility ID is: 201704-0004
The facility ID is: 201705-0001
The facility ID is: 201706-0001
The facility ID is: 201706-0002
The facility ID is: 201706-0003
The facility ID is: 201707-0001
The facility ID is: 201708-0001
The facility ID is: 201708-0002
The facility ID is: 201708-0003
The facility ID is: 201708-0004
The facility ID is: 201708-0005
The facility ID is: 201708-0006
The facility ID is: 201708-0007
The facility ID is: 201709-0001
The facility ID is: 201709-0002
The facility ID is: 201709-0003
The facility ID is: 201710-0001
The facility ID is: 201710-0002
The facility ID is: 201710-0004
The facility ID is: 201710-0005
The facility ID is: 201711-0002
The facility ID is: 201711-0003
The facility ID is: 201711-0005
The facility ID is: 201712-0001
The facility ID is: 201712-0002
The facility ID is: 201712-0003
The facility ID is: 201712-0004
The facility ID is: 201712-0005
The facility ID is: 201801-0001
The facility ID is: 201801-0003
The facility ID is: 201801-0004
The facility ID is: 201801-0005
The facility ID is: 201801-0006
The facility ID is: 201801-0007
The facility ID is: 201802-0001
The facility ID is: 201803-0001
The facility ID is: 201803-0003
The facility ID is: 201803-0004
The facility ID is: 201803-0005
The facility ID is: 201803-0006
The facility ID is: 201803-0007
The facility ID is: 201803-0008
The facility ID is: 201803-0009
The facility ID is: 201804-0001
The facility ID is: 201805-0001
The facility ID is: 201805-0002
The facility ID is: 201805-0003
The facility ID is: 201805-0004
The facility ID is: 201806-0001
The facility ID is: 201806-0004
The facility ID is: 201806-0005
The facility ID is: 201806-0006
The facility ID is: 201807-0002
The facility ID is: 201807-0003
The facility ID is: 201808-0001
The facility ID is: 201808-0002
The facility ID is: 201808-0003
The facility ID is: 201808-0004
The facility ID is: 201808-0005
The facility ID is: 201809-0001
The facility ID is: 201809-0002
The facility ID is: 201809-0004
The facility ID is: 201809-0005
The facility ID is: 201809-0006
The facility ID is: 201809-0007
The facility ID is: 201810-0001
The facility ID is: 201810-0004
The facility ID is: 201811-0001
The facility ID is: 201811-0002
The facility ID is: 201811-0003
The facility ID is: 201812-0002
The facility ID is: 201902-0001
The facility ID is: 201902-0003
The facility ID is: 201902-0004
The facility ID is: 201904-0002
The facility ID is: 201905-0001
The facility ID is: 201906-0001
The facility ID is: 201907-0002
The facility ID is: 201907-0003
The facility ID is: 201908-0001
The facility ID is: 201908-0002
The facility ID is: 201909-0002
The facility ID is: 201909-0003
The facility ID is: 201909-0004
The facility ID is: 201911-0001
The facility ID is: 201912-0002
The facility ID is: 201912-0003
The facility ID is: 201912-0004
The facility ID is: 202002-0001
The facility ID is: 202002-0003
The facility ID is: 202005-0001
The facility ID is: 202007-0001
The facility ID is: 202010-0001
The facility ID is: 202103-0001
The facility ID is: 202104-0002
The facility ID is: 202106-0001
The facility ID is: 202106-0002
The facility ID is: 202106-0003
The facility ID is: 202106-0004
The facility ID is: 202107-0001
The facility ID is: 202108-0001
The facility ID is: 202109-0001
The facility ID is: 202109-0002
The facility ID is: 202110-0001
The facility ID is: 202110-0002
The facility ID is: 202110-0004
The facility ID is: 202112-0001
The facility ID is: 202112-0002
The facility ID is: 202203-0002
The facility ID is: 201803-0002
The facility ID is: 202105-0001
The facility ID is: 202109-0003
The facility ID is: 202203-0001
The facility ID is: 202203-0003
The facility ID is: 202203-0004
The facility ID is: 202203-0005
The facility ID is: 202203-0006
The facility ID is: 202205-0001
The facility ID is: 202205-0002
The facility ID is: 202206-0001
The facility ID is: 202208-0001
The facility ID is: 202210-0002
The facility ID is: 201710-0003
The facility ID is: 202209-0003
The facility ID is: 202212-0003
The facility ID is: 0000
The facility ID is: 201912-0001
The facility ID is: 202109-0004
The facility ID is: 202206-0002
The facility ID is: 202207-0001
The facility ID is: 202209-0004
The facility ID is: 202212-0002
The facility ID is: 202301-0001
The facility ID is: 202209-0002
The facility ID is: 202210-0001
The facility ID is: 202310-0002
HTTP/1.1 200 OK
Content-Length: 26443
Content-Type: application/json; charset=utf-8
Date: Fri, 07 Jun 2024 05:18:40 GMT
Server: Microsoft-IIS/10.0
Cache-Control: no-cache
Content-Encoding: gzip
Expires: -1
Pragma: no-cache
Vary: Accept-Encoding
X-AspNet-Version: 4.0.30319
X-Powered-By: ASP.NET

[
    {
        "FacilityID": "201312-0003",
        "CanIssueNewBonds": true,
        "TotalValueBondsAllowed": 50000000.00,
        "TotalValueBondsActive": 18548597.88,
        "TotalValueBondsInCart": 12130018.00,
        "TotalValueBondsExpired": 12448547.64,
        "TotalValueBondsProcessing": 11197787.00,
        "TotalValueBondsUnsubmitted": 0.0,
        "NumBondsAllowed": null,
        "NumBondsActive": 107,
        "NumBondsInCart": 33,
        "NumBondsExpired": 67,
        "NumBondsProcessing": 31,
        "NumBondsUnsubmitted": 0,
        "TotalValueBondsRemainingMax": 19321384.12,
        "TotalValueBondsRemaining": 19321384.12,
        "NumBondsRemaining": null
    },
    {
        "FacilityID": "201910-0001",
        "CanIssueNewBonds": false,
        "TotalValueBondsAllowed": 0.00,
        "TotalValueBondsActive": 0.0,
        "TotalValueBondsInCart": 0.0,
        "TotalValueBondsExpired": 0.0,
        "TotalValueBondsProcessing": 0.0,
        "TotalValueBondsUnsubmitted": 0.0,
        "NumBondsAllowed": null,
        "NumBondsActive": 0,
        "NumBondsInCart": 0,
        "NumBondsExpired": 0,
        "NumBondsProcessing": 0,
        "NumBondsUnsubmitted": 0,
        "TotalValueBondsRemainingMax": 0.0,
        "TotalValueBondsRemaining": 0.0,
        "NumBondsRemaining": null
    },
    {
        "FacilityID": "200903-0001",
        "CanIssueNewBonds": true,
        "TotalValueBondsAllowed": 20000000.00,
        "TotalValueBondsActive": 0.0,
        "TotalValueBondsInCart": 0.0,
        "TotalValueBondsExpired": 0.0,
        "TotalValueBondsProcessing": 0.0,
        "TotalValueBondsUnsubmitted": 0.0,
        "NumBondsAllowed": null,
        "NumBondsActive": 0,
        "NumBondsInCart": 0,
        "NumBondsExpired": 0,
        "NumBondsProcessing": 0,
        "NumBondsUnsubmitted": 0,
        "TotalValueBondsRemainingMax": 20000000.00,
        "TotalValueBondsRemaining": 20000000.00,
        "NumBondsRemaining": null
    },
    {
        "FacilityID": "200903-0002",
        "CanIssueNewBonds": false,
        "TotalValueBondsAllowed": 0.00,
        "TotalValueBondsActive": 0.0,
        "TotalValueBondsInCart": 0.0,
        "TotalValueBondsExpired": 0.0,
        "TotalValueBondsProcessing": 0.0,
        "TotalValueBondsUnsubmitted": 0.0,
        "NumBondsAllowed": null,
        "NumBondsActive": 0,
        "NumBondsInCart": 0,
        "NumBondsExpired": 0,
        "NumBondsProcessing": 0,
        "NumBondsUnsubmitted": 0,
        "TotalValueBondsRemainingMax": 0.0,
        "TotalValueBondsRemaining": 0.0,
        "NumBondsRemaining": null
    },
    {
        "FacilityID": "200903-0003",
        "CanIssueNewBonds": true,
        "TotalValueBondsAllowed": 2922.55,
        "TotalValueBondsActive": 2922.55,
        "TotalValueBondsInCart": 0.0,
        "TotalValueBondsExpired": 2922.55,
        "TotalValueBondsProcessing": 0.0,
        "TotalValueBondsUnsubmitted": 0.0,
        "NumBondsAllowed": null,
        "NumBondsActive": 1,
        "NumBondsInCart": 0,
        "NumBondsExpired": 1,
        "NumBondsProcessing": 0,
        "NumBondsUnsubmitted": 0,
        "TotalValueBondsRemainingMax": 0.0,
        "TotalValueBondsRemaining": 0.0,
        "NumBondsRemaining": null
    },
    {
        "FacilityID": "200903-0004",
        "CanIssueNewBonds": true,
        "TotalValueBondsAllowed": 312110.20,
        "TotalValueBondsActive": 0.0,
        "TotalValueBondsInCart": 0.0,
        "TotalValueBondsExpired": 0.0,
        "TotalValueBondsProcessing": 0.0,
        "TotalValueBondsUnsubmitted": 0.0,
        "NumBondsAllowed": null,
        "NumBondsActive": 0,
        "NumBondsInCart": 0,
        "NumBondsExpired": 0,
        "NumBondsProcessing": 0,
        "NumBondsUnsubmitted": 0,
        "TotalValueBondsRemainingMax": 312110.20,
        "TotalValueBondsRemaining": 312110.20,
        "NumBondsRemaining": null
    },
    {
        "FacilityID": "200904-0001",
        "CanIssueNewBonds": false,
        "TotalValueBondsAllowed": 0.00,
        "TotalValueBondsActive": 0.0,
        "TotalValueBondsInCart": 0.0,
        "TotalValueBondsExpired": 0.0,
        "TotalValueBondsProcessing": 0.0,
        "TotalValueBondsUnsubmitted": 0.0,
        "NumBondsAllowed": null,
        "NumBondsActive": 0,
        "NumBondsInCart": 0,
        "NumBondsExpired": 0,
        "NumBondsProcessing": 0,
        "NumBondsUnsubmitted": 0,
        "TotalValueBondsRemainingMax": 0.0,
        "TotalValueBondsRemaining": 0.0,
        "NumBondsRemaining": null
    },
    {
        "FacilityID": "200904-0002",
        "CanIssueNewBonds": true,
        "TotalValueBondsAllowed": 35393606.81,
        "TotalValueBondsActive": 31417554.51,
        "TotalValueBondsInCart": 0.0,
        "TotalValueBondsExpired": 24292665.96,
        "TotalValueBondsProcessing": 0.0,
        "TotalValueBondsUnsubmitted": 0.0,
        "NumBondsAllowed": null,
        "NumBondsActive": 20,
        "NumBondsInCart": 0,
        "NumBondsExpired": 15,
        "NumBondsProcessing": 0,
        "NumBondsUnsubmitted": 0,
        "TotalValueBondsRemainingMax": 3976052.30,
        "TotalValueBondsRemaining": 3976052.30,
        "NumBondsRemaining": null
    },
    {
        "FacilityID": "200904-0003",
        "CanIssueNewBonds": true,
        "TotalValueBondsAllowed": 20000000.00,
        "TotalValueBondsActive": 0.0,
        "TotalValueBondsInCart": 0.0,
        "TotalValueBondsExpired": 0.0,
        "TotalValueBondsProcessing": 0.0,
        "TotalValueBondsUnsubmitted": 0.0,
        "NumBondsAllowed": null,
        "NumBondsActive": 0,
        "NumBondsInCart": 0,
        "NumBondsExpired": 0,
        "NumBondsProcessing": 0,
        "NumBondsUnsubmitted": 0,
        "TotalValueBondsRemainingMax": 20000000.00,
        "TotalValueBondsRemaining": 20000000.00,
        "NumBondsRemaining": null
    },
    {
        "FacilityID": "200904-0004",
        "CanIssueNewBonds": true,
        "TotalValueBondsAllowed": 400000000.00,
        "TotalValueBondsActive": 335416689.55,
        "TotalValueBondsInCart": 74061740.93,
        "TotalValueBondsExpired": 59638211.79,
        "TotalValueBondsProcessing": 0.0,
        "TotalValueBondsUnsubmitted": 0.0,
        "NumBondsAllowed": null,
        "NumBondsActive": 97,
        "NumBondsInCart": 13,
        "NumBondsExpired": 35,
        "NumBondsProcessing": 0,
        "NumBondsUnsubmitted": 0,
        "TotalValueBondsRemainingMax": 0.0,
        "TotalValueBondsRemaining": 0.0,
        "NumBondsRemaining": null
    },
    {
        "FacilityID": "200905-0001",
        "CanIssueNewBonds": false,
        "TotalValueBondsAllowed": 0.00,
        "TotalValueBondsActive": 0.0,
        "TotalValueBondsInCart": 0.0,
        "TotalValueBondsExpired": 0.0,
        "TotalValueBondsProcessing": 0.0,
        "TotalValueBondsUnsubmitted": 0.0,
        "NumBondsAllowed": null,
        "NumBondsActive": 0,
        "NumBondsInCart": 0,
        "NumBondsExpired": 0,
        "NumBondsProcessing": 0,
        "NumBondsUnsubmitted": 0,
        "TotalValueBondsRemainingMax": 0.0,
        "TotalValueBondsRemaining": 0.0,
        "NumBondsRemaining": null
    },
    {
        "FacilityID": "200905-0002",
        "CanIssueNewBonds": true,
        "TotalValueBondsAllowed": 1182690.94,
        "TotalValueBondsActive": 0.0,
        "TotalValueBondsInCart": 0.0,
        "TotalValueBondsExpired": 0.0,
        "TotalValueBondsProcessing": 0.0,
        "TotalValueBondsUnsubmitted": 0.0,
        "NumBondsAllowed": null,
        "NumBondsActive": 0,
        "NumBondsInCart": 0,
        "NumBondsExpired": 0,
        "NumBondsProcessing": 0,
        "NumBondsUnsubmitted": 0,
        "TotalValueBondsRemainingMax": 1182690.94,
        "TotalValueBondsRemaining": 1182690.94,
        "NumBondsRemaining": null
    },
    {
        "FacilityID": "200905-0003",
        "CanIssueNewBonds": true,
        "TotalValueBondsAllowed": 120000000.00,
        "TotalValueBondsActive": 90092909.45,
        "TotalValueBondsInCart": 0.0,
        "TotalValueBondsExpired": 16864143.95,
        "TotalValueBondsProcessing": 0.0,
        "TotalValueBondsUnsubmitted": 0.0,
        "NumBondsAllowed": null,
        "NumBondsActive": 32,
        "NumBondsInCart": 0,
        "NumBondsExpired": 19,
        "NumBondsProcessing": 0,
        "NumBondsUnsubmitted": 0,
        "TotalValueBondsRemainingMax": 29907090.55,
        "TotalValueBondsRemaining": 29907090.55,
        "NumBondsRemaining": null
    },
    {
        "FacilityID": "200906-0001",
        "CanIssueNewBonds": false,
        "TotalValueBondsAllowed": 0.00,
        "TotalValueBondsActive": 0.0,
        "TotalValueBondsInCart": 0.0,
        "TotalValueBondsExpired": 0.0,
        "TotalValueBondsProcessing": 0.0,
        "TotalValueBondsUnsubmitted": 0.0,
        "NumBondsAllowed": null,
        "NumBondsActive": 0,
        "NumBondsInCart": 0,
        "NumBondsExpired": 0,
        "NumBondsProcessing": 0,
        "NumBondsUnsubmitted": 0,
        "TotalValueBondsRemainingMax": 0.0,
        "TotalValueBondsRemaining": 0.0,
        "NumBondsRemaining": null
    },
    {
        "FacilityID": "200906-0002",
        "CanIssueNewBonds": false,
        "TotalValueBondsAllowed": 0.00,
        "TotalValueBondsActive": 0.0,
        "TotalValueBondsInCart": 0.0,
        "TotalValueBondsExpired": 0.0,
        "TotalValueBondsProcessing": 0.0,
        "TotalValueBondsUnsubmitted": 0.0,
        "NumBondsAllowed": null,
        "NumBondsActive": 0,
        "NumBondsInCart": 0,
        "NumBondsExpired": 0,
        "NumBondsProcessing": 0,
        "NumBondsUnsubmitted": 0,
        "TotalValueBondsRemainingMax": 0.0,
        "TotalValueBondsRemaining": 0.0,
        "NumBondsRemaining": null
    },
    {
        "FacilityID": "200907-0001",
        "CanIssueNewBonds": false,
        "TotalValueBondsAllowed": 0.00,
        "TotalValueBondsActive": 0.0,
        "TotalValueBondsInCart": 0.0,
        "TotalValueBondsExpired": 0.0,
        "TotalValueBondsProcessing": 0.0,
        "TotalValueBondsUnsubmitted": 0.0,
        "NumBondsAllowed": null,
        "NumBondsActive": 0,
        "NumBondsInCart": 0,
        "NumBondsExpired": 0,
        "NumBondsProcessing": 0,
        "NumBondsUnsubmitted": 0,
        "TotalValueBondsRemainingMax": 0.0,
        "TotalValueBondsRemaining": 0.0,
        "NumBondsRemaining": null
    },
    {
        "FacilityID": "200907-0002",
        "CanIssueNewBonds": false,
        "TotalValueBondsAllowed": 0.00,
        "TotalValueBondsActive": 0.0,
        "TotalValueBondsInCart": 0.0,
        "TotalValueBondsExpired": 0.0,
        "TotalValueBondsProcessing": 0.0,
        "TotalValueBondsUnsubmitted": 0.0,
        "NumBondsAllowed": null,
        "NumBondsActive": 0,
        "NumBondsInCart": 0,
        "NumBondsExpired": 0,
        "NumBondsProcessing": 0,
        "NumBondsUnsubmitted": 0,
        "TotalValueBondsRemainingMax": 0.0,
        "TotalValueBondsRemaining": 0.0,
        "NumBondsRemaining": null
    },
    {
        "FacilityID": "200907-0003",
        "CanIssueNewBonds": false,
        "TotalValueBondsAllowed": 0.00,
        "TotalValueBondsActive": 0.0,
        "TotalValueBondsInCart": 0.0,
        "TotalValueBondsExpired": 0.0,
        "TotalValueBondsProcessing": 0.0,
        "TotalValueBondsUnsubmitted": 0.0,
        "NumBondsAllowed": null,
        "NumBondsActive": 0,
        "NumBondsInCart": 0,
        "NumBondsExpired": 0,
        "NumBondsProcessing": 0,
        "NumBondsUnsubmitted": 0,
        "TotalValueBondsRemainingMax": 0.0,
        "TotalValueBondsRemaining": 0.0,
        "NumBondsRemaining": null
    },
    {
        "FacilityID": "200907-0004",
        "CanIssueNewBonds": true,
        "TotalValueBondsAllowed": 25000000.00,
        "TotalValueBondsActive": 20160492.30,
        "TotalValueBondsInCart": 80000.00,
        "TotalValueBondsExpired": 10453734.78,
        "TotalValueBondsProcessing": 40000.00,
        "TotalValueBondsUnsubmitted": 40000.00,
        "NumBondsAllowed": null,
        "NumBondsActive": 82,
        "NumBondsInCart": 2,
        "NumBondsExpired": 53,
        "NumBondsProcessing": 1,
        "NumBondsUnsubmitted": 1,
        "TotalValueBondsRemainingMax": 4759507.70,
        "TotalValueBondsRemaining": 4759507.70,
        "NumBondsRemaining": null
    },
    {
        "FacilityID": "200907-0005",
        "CanIssueNewBonds": true,
        "TotalValueBondsAllowed": 9800000.00,
        "TotalValueBondsActive": 8500794.17,
        "TotalValueBondsInCart": 3441245.00,
        "TotalValueBondsExpired": 8250794.17,
        "TotalValueBondsProcessing": 3441245.00,
        "TotalValueBondsUnsubmitted": 0.00,
        "NumBondsAllowed": null,
        "NumBondsActive": 18,
        "NumBondsInCart": 7,
        "NumBondsExpired": 17,
        "NumBondsProcessing": 6,
        "NumBondsUnsubmitted": 1,
        "TotalValueBondsRemainingMax": 0.0,
        "TotalValueBondsRemaining": 0.0,
        "NumBondsRemaining": null
    },
    {
        "FacilityID": "200907-0006",
        "CanIssueNewBonds": false,
        "TotalValueBondsAllowed": 0.00,
        "TotalValueBondsActive": 0.0,
        "TotalValueBondsInCart": 0.0,
        "TotalValueBondsExpired": 0.0,
        "TotalValueBondsProcessing": 0.0,
        "TotalValueBondsUnsubmitted": 0.0,
        "NumBondsAllowed": null,
        "NumBondsActive": 0,
        "NumBondsInCart": 0,
        "NumBondsExpired": 0,
        "NumBondsProcessing": 0,
        "NumBondsUnsubmitted": 0,
        "TotalValueBondsRemainingMax": 0.0,
        "TotalValueBondsRemaining": 0.0,
        "NumBondsRemaining": null
    },
    {
        "FacilityID": "200907-0007",
        "CanIssueNewBonds": false,
        "TotalValueBondsAllowed": 0.00,
        "TotalValueBondsActive": 0.0,
        "TotalValueBondsInCart": 0.0,
        "TotalValueBondsExpired": 0.0,
        "TotalValueBondsProcessing": 0.0,
        "TotalValueBondsUnsubmitted": 0.0,
        "NumBondsAllowed": null,
        "NumBondsActive": 0,
        "NumBondsInCart": 0,
        "NumBondsExpired": 0,
        "NumBondsProcessing": 0,
        "NumBondsUnsubmitted": 0,
        "TotalValueBondsRemainingMax": 0.0,
        "TotalValueBondsRemaining": 0.0,
        "NumBondsRemaining": null
    },
    {
        "FacilityID": "200907-0008",
        "CanIssueNewBonds": true,
        "TotalValueBondsAllowed": 150000000.00,
        "TotalValueBondsActive": 115668395.16,
        "TotalValueBondsInCart": 0.0,
        "TotalValueBondsExpired": 35874830.88,
        "TotalValueBondsProcessing": 0.0,
        "TotalValueBondsUnsubmitted": 0.0,
        "NumBondsAllowed": null,
        "NumBondsActive": 49,
        "NumBondsInCart": 0,
        "NumBondsExpired": 20,
        "NumBondsProcessing": 0,
        "NumBondsUnsubmitted": 0,
        "TotalValueBondsRemainingMax": 34331604.84,
        "TotalValueBondsRemaining": 34331604.84,
        "NumBondsRemaining": null
    },
    {
        "FacilityID": "200907-0009",
        "CanIssueNewBonds": false,
        "TotalValueBondsAllowed": 10000000.00,
        "TotalValueBondsActive": 0.0,
        "TotalValueBondsInCart": 0.0,
        "TotalValueBondsExpired": 0.0,
        "TotalValueBondsProcessing": 0.0,
        "TotalValueBondsUnsubmitted": 0.0,
        "NumBondsAllowed": null,
        "NumBondsActive": 0,
        "NumBondsInCart": 0,
        "NumBondsExpired": 0,
        "NumBondsProcessing": 0,
        "NumBondsUnsubmitted": 0,
        "TotalValueBondsRemainingMax": 0.0,
        "TotalValueBondsRemaining": 0.0,
        "NumBondsRemaining": null
    },
    {
        "FacilityID": "200907-0010",
        "CanIssueNewBonds": false,
        "TotalValueBondsAllowed": 143427.02,
        "TotalValueBondsActive": 0.0,
        "TotalValueBondsInCart": 0.0,
        "TotalValueBondsExpired": 0.0,
        "TotalValueBondsProcessing": 0.0,
        "TotalValueBondsUnsubmitted": 0.0,
        "NumBondsAllowed": null,
        "NumBondsActive": 0,
        "NumBondsInCart": 0,
        "NumBondsExpired": 0,
        "NumBondsProcessing": 0,
        "NumBondsUnsubmitted": 0,
        "TotalValueBondsRemainingMax": 0.0,
        "TotalValueBondsRemaining": 0.0,
        "NumBondsRemaining": null
    },
    {
        "FacilityID": "200908-0001",
        "CanIssueNewBonds": true,
        "TotalValueBondsAllowed": 20843.65,
        "TotalValueBondsActive": 0.0,
        "TotalValueBondsInCart": 0.0,
        "TotalValueBondsExpired": 0.0,
        "TotalValueBondsProcessing": 0.0,
        "TotalValueBondsUnsubmitted": 0.0,
        "NumBondsAllowed": null,
        "NumBondsActive": 0,
        "NumBondsInCart": 0,
        "NumBondsExpired": 0,
        "NumBondsProcessing": 0,
        "NumBondsUnsubmitted": 0,
        "TotalValueBondsRemainingMax": 20843.65,
        "TotalValueBondsRemaining": 20843.65,
        "NumBondsRemaining": null
    },
    {
        "FacilityID": "200908-0002",
        "CanIssueNewBonds": true,
        "TotalValueBondsAllowed": 9314483.00,
        "TotalValueBondsActive": 0.0,
        "TotalValueBondsInCart": 0.0,
        "TotalValueBondsExpired": 0.0,
        "TotalValueBondsProcessing": 0.0,
        "TotalValueBondsUnsubmitted": 0.0,
        "NumBondsAllowed": null,
        "NumBondsActive": 0,
        "NumBondsInCart": 0,
        "NumBondsExpired": 0,
        "NumBondsProcessing": 0,
        "NumBondsUnsubmitted": 0,
        "TotalValueBondsRemainingMax": 9314483.00,
        "TotalValueBondsRemaining": 9314483.00,
        "NumBondsRemaining": null
    },
    {
        "FacilityID": "200908-0003",
        "CanIssueNewBonds": false,
        "TotalValueBondsAllowed": 2500000.00,
        "TotalValueBondsActive": 0.0,
        "TotalValueBondsInCart": 0.0,
        "TotalValueBondsExpired": 0.0,
        "TotalValueBondsProcessing": 0.0,
        "TotalValueBondsUnsubmitted": 0.0,
        "NumBondsAllowed": null,
        "NumBondsActive": 0,
        "NumBondsInCart": 0,
        "NumBondsExpired": 0,
        "NumBondsProcessing": 0,
        "NumBondsUnsubmitted": 0,
        "TotalValueBondsRemainingMax": 0.0,
        "TotalValueBondsRemaining": 0.0,
        "NumBondsRemaining": null
    },
    {
        "FacilityID": "200908-0004",
        "CanIssueNewBonds": false,
        "TotalValueBondsAllowed": 10214724.31,
        "TotalValueBondsActive": 0.0,
        "TotalValueBondsInCart": 0.0,
        "TotalValueBondsExpired": 0.0,
        "TotalValueBondsProcessing": 0.0,
        "TotalValueBondsUnsubmitted": 0.0,
        "NumBondsAllowed": null,
        "NumBondsActive": 0,
        "NumBondsInCart": 0,
        "NumBondsExpired": 0,
        "NumBondsProcessing": 0,
        "NumBondsUnsubmitted": 0,
        "TotalValueBondsRemainingMax": 0.0,
        "TotalValueBondsRemaining": 0.0,
        "NumBondsRemaining": null
    },
    {
        "FacilityID": "200908-0005",
        "CanIssueNewBonds": false,
        "TotalValueBondsAllowed": 3000000.00,
        "TotalValueBondsActive": 0.0,
        "TotalValueBondsInCart": 0.0,
        "TotalValueBondsExpired": 0.0,
        "TotalValueBondsProcessing": 0.0,
        "TotalValueBondsUnsubmitted": 0.0,
        "NumBondsAllowed": null,
        "NumBondsActive": 0,
        "NumBondsInCart": 0,
        "NumBondsExpired": 0,
        "NumBondsProcessing": 0,
        "NumBondsUnsubmitted": 0,
        "TotalValueBondsRemainingMax": 0.0,
        "TotalValueBondsRemaining": 0.0,
        "NumBondsRemaining": null
    },
    {
        "FacilityID": "200908-0006",
        "CanIssueNewBonds": false,
        "TotalValueBondsAllowed": 0.00,
        "TotalValueBondsActive": 0.0,
        "TotalValueBondsInCart": 0.0,
        "TotalValueBondsExpired": 0.0,
        "TotalValueBondsProcessing": 0.0,
        "TotalValueBondsUnsubmitted": 0.0,
        "NumBondsAllowed": null,
        "NumBondsActive": 0,
        "NumBondsInCart": 0,
        "NumBondsExpired": 0,
        "NumBondsProcessing": 0,
        "NumBondsUnsubmitted": 0,
        "TotalValueBondsRemainingMax": 0.0,
        "TotalValueBondsRemaining": 0.0,
        "NumBondsRemaining": null
    },
    {
        "FacilityID": "200909-0001",
        "CanIssueNewBonds": false,
        "TotalValueBondsAllowed": 100000000.00,
        "TotalValueBondsActive": 0.0,
        "TotalValueBondsInCart": 0.0,
        "TotalValueBondsExpired": 0.0,
        "TotalValueBondsProcessing": 0.0,
        "TotalValueBondsUnsubmitted": 0.0,
        "NumBondsAllowed": null,
        "NumBondsActive": 0,
        "NumBondsInCart": 0,
        "NumBondsExpired": 0,
        "NumBondsProcessing": 0,
        "NumBondsUnsubmitted": 0,
        "TotalValueBondsRemainingMax": 0.0,
        "TotalValueBondsRemaining": 0.0,
        "NumBondsRemaining": null
    },
    {
        "FacilityID": "200909-0002",
        "CanIssueNewBonds": false,
        "TotalValueBondsAllowed": 0.00,
        "TotalValueBondsActive": 0.0,
        "TotalValueBondsInCart": 0.0,
        "TotalValueBondsExpired": 0.0,
        "TotalValueBondsProcessing": 0.0,
        "TotalValueBondsUnsubmitted": 0.0,
        "NumBondsAllowed": null,
        "NumBondsActive": 0,
        "NumBondsInCart": 0,
        "NumBondsExpired": 0,
        "NumBondsProcessing": 0,
        "NumBondsUnsubmitted": 0,
        "TotalValueBondsRemainingMax": 0.0,
        "TotalValueBondsRemaining": 0.0,
        "NumBondsRemaining": null
    },
    {
        "FacilityID": "200909-0003",
        "CanIssueNewBonds": true,
        "TotalValueBondsAllowed": 10000000.00,
        "TotalValueBondsActive": 7065917.48,
        "TotalValueBondsInCart": 0.0,
        "TotalValueBondsExpired": 4387498.14,
        "TotalValueBondsProcessing": 0.0,
        "TotalValueBondsUnsubmitted": 0.0,
        "NumBondsAllowed": null,
        "NumBondsActive": 12,
        "NumBondsInCart": 0,
        "NumBondsExpired": 7,
        "NumBondsProcessing": 0,
        "NumBondsUnsubmitted": 0,
        "TotalValueBondsRemainingMax": 2934082.52,
        "TotalValueBondsRemaining": 2934082.52,
        "NumBondsRemaining": null
    },
    {
        "FacilityID": "200910-0001",
        "CanIssueNewBonds": true,
        "TotalValueBondsAllowed": 200000000.00,
        "TotalValueBondsActive": 170000838.13,
        "TotalValueBondsInCart": 0.0,
        "TotalValueBondsExpired": 97125655.04,
        "TotalValueBondsProcessing": 0.0,
        "TotalValueBondsUnsubmitted": 0.0,
        "NumBondsAllowed": null,
        "NumBondsActive": 48,
        "NumBondsInCart": 0,
        "NumBondsExpired": 29,
        "NumBondsProcessing": 0,
        "NumBondsUnsubmitted": 0,
        "TotalValueBondsRemainingMax": 29999161.87,
        "TotalValueBondsRemaining": 29999161.87,
        "NumBondsRemaining": null
    },
    {
        "FacilityID": "200910-0002",
        "CanIssueNewBonds": false,
        "TotalValueBondsAllowed": 0.00,
        "TotalValueBondsActive": 0.0,
        "TotalValueBondsInCart": 0.0,
        "TotalValueBondsExpired": 0.0,
        "TotalValueBondsProcessing": 0.0,
        "TotalValueBondsUnsubmitted": 0.0,
        "NumBondsAllowed": null,
        "NumBondsActive": 0,
        "NumBondsInCart": 0,
        "NumBondsExpired": 0,
        "NumBondsProcessing": 0,
        "NumBondsUnsubmitted": 0,
        "TotalValueBondsRemainingMax": 0.0,
        "TotalValueBondsRemaining": 0.0,
        "NumBondsRemaining": null
    },
    {
        "FacilityID": "200910-0003",
        "CanIssueNewBonds": true,
        "TotalValueBondsAllowed": 12000000.00,
        "TotalValueBondsActive": 9680374.14,
        "TotalValueBondsInCart": 1499140.00,
        "TotalValueBondsExpired": 5879912.59,
        "TotalValueBondsProcessing": 1156020.00,
        "TotalValueBondsUnsubmitted": 343120.00,
        "NumBondsAllowed": null,
        "NumBondsActive": 22,
        "NumBondsInCart": 5,
        "NumBondsExpired": 11,
        "NumBondsProcessing": 2,
        "NumBondsUnsubmitted": 3,
        "TotalValueBondsRemainingMax": 820485.86,
        "TotalValueBondsRemaining": 820485.86,
        "NumBondsRemaining": null
    },
    {
        "FacilityID": "200910-0004",
        "CanIssueNewBonds": true,
        "TotalValueBondsAllowed": 2940712.12,
        "TotalValueBondsActive": 2940712.12,
        "TotalValueBondsInCart": 0.0,
        "TotalValueBondsExpired": 2740269.72,
        "TotalValueBondsProcessing": 0.0,
        "TotalValueBondsUnsubmitted": 0.0,
        "NumBondsAllowed": null,
        "NumBondsActive": 7,
        "NumBondsInCart": 0,
        "NumBondsExpired": 5,
        "NumBondsProcessing": 0,
        "NumBondsUnsubmitted": 0,
        "TotalValueBondsRemainingMax": 0.0,
        "TotalValueBondsRemaining": 0.0,
        "NumBondsRemaining": null
    },
    {
        "FacilityID": "200910-0005",
        "CanIssueNewBonds": true,
        "TotalValueBondsAllowed": 1103145.88,
        "TotalValueBondsActive": 0.0,
        "TotalValueBondsInCart": 0.0,
        "TotalValueBondsExpired": 0.0,
        "TotalValueBondsProcessing": 0.0,
        "TotalValueBondsUnsubmitted": 0.0,
        "NumBondsAllowed": null,
        "NumBondsActive": 0,
        "NumBondsInCart": 0,
        "NumBondsExpired": 0,
        "NumBondsProcessing": 0,
        "NumBondsUnsubmitted": 0,
        "TotalValueBondsRemainingMax": 1103145.88,
        "TotalValueBondsRemaining": 1103145.88,
        "NumBondsRemaining": null
    },
    {
        "FacilityID": "200911-0001",
        "CanIssueNewBonds": false,
        "TotalValueBondsAllowed": 0.00,
        "TotalValueBondsActive": 0.0,
        "TotalValueBondsInCart": 0.0,
        "TotalValueBondsExpired": 0.0,
        "TotalValueBondsProcessing": 0.0,
        "TotalValueBondsUnsubmitted": 0.0,
        "NumBondsAllowed": null,
        "NumBondsActive": 0,
        "NumBondsInCart": 0,
        "NumBondsExpired": 0,
        "NumBondsProcessing": 0,
        "NumBondsUnsubmitted": 0,
        "TotalValueBondsRemainingMax": 0.0,
        "TotalValueBondsRemaining": 0.0,
        "NumBondsRemaining": null
    },
    {
        "FacilityID": "200911-0002",
        "CanIssueNewBonds": true,
        "TotalValueBondsAllowed": 60000000.00,
        "TotalValueBondsActive": 0.0,
        "TotalValueBondsInCart": 0.0,
        "TotalValueBondsExpired": 0.0,
        "TotalValueBondsProcessing": 0.0,
        "TotalValueBondsUnsubmitted": 0.0,
        "NumBondsAllowed": null,
        "NumBondsActive": 0,
        "NumBondsInCart": 0,
        "NumBondsExpired": 0,
        "NumBondsProcessing": 0,
        "NumBondsUnsubmitted": 0,
        "TotalValueBondsRemainingMax": 60000000.00,
        "TotalValueBondsRemaining": 60000000.00,
        "NumBondsRemaining": null
    },
    {
        "FacilityID": "200911-0003",
        "CanIssueNewBonds": true,
        "TotalValueBondsAllowed": 50000000.00,
        "TotalValueBondsActive": 24842930.63,
        "TotalValueBondsInCart": 0.0,
        "TotalValueBondsExpired": 6326559.78,
        "TotalValueBondsProcessing": 0.0,
        "TotalValueBondsUnsubmitted": 0.0,
        "NumBondsAllowed": null,
        "NumBondsActive": 42,
        "NumBondsInCart": 0,
        "NumBondsExpired": 22,
        "NumBondsProcessing": 0,
        "NumBondsUnsubmitted": 0,
        "TotalValueBondsRemainingMax": 25157069.37,
        "TotalValueBondsRemaining": 25157069.37,
        "NumBondsRemaining": null
    },
    {
        "FacilityID": "200911-0004",
        "CanIssueNewBonds": false,
        "TotalValueBondsAllowed": 0.00,
        "TotalValueBondsActive": 0.0,
        "TotalValueBondsInCart": 0.0,
        "TotalValueBondsExpired": 0.0,
        "TotalValueBondsProcessing": 0.0,
        "TotalValueBondsUnsubmitted": 0.0,
        "NumBondsAllowed": null,
        "NumBondsActive": 0,
        "NumBondsInCart": 0,
        "NumBondsExpired": 0,
        "NumBondsProcessing": 0,
        "NumBondsUnsubmitted": 0,
        "TotalValueBondsRemainingMax": 0.0,
        "TotalValueBondsRemaining": 0.0,
        "NumBondsRemaining": null
    },
    {
        "FacilityID": "200911-0005",
        "CanIssueNewBonds": true,
        "TotalValueBondsAllowed": 0.00,
        "TotalValueBondsActive": 0.0,
        "TotalValueBondsInCart": 0.0,
        "TotalValueBondsExpired": 0.0,
        "TotalValueBondsProcessing": 0.0,
        "TotalValueBondsUnsubmitted": 0.0,
        "NumBondsAllowed": null,
        "NumBondsActive": 0,
        "NumBondsInCart": 0,
        "NumBondsExpired": 0,
        "NumBondsProcessing": 0,
        "NumBondsUnsubmitted": 0,
        "TotalValueBondsRemainingMax": 0.0,
        "TotalValueBondsRemaining": 0.0,
        "NumBondsRemaining": null
    },
    {
        "FacilityID": "200911-0006",
        "CanIssueNewBonds": false,
        "TotalValueBondsAllowed": 10000000.00,
        "TotalValueBondsActive": 0.0,
        "TotalValueBondsInCart": 0.0,
        "TotalValueBondsExpired": 0.0,
        "TotalValueBondsProcessing": 0.0,
        "TotalValueBondsUnsubmitted": 0.0,
        "NumBondsAllowed": null,
        "NumBondsActive": 0,
        "NumBondsInCart": 0,
        "NumBondsExpired": 0,
        "NumBondsProcessing": 0,
        "NumBondsUnsubmitted": 0,
        "TotalValueBondsRemainingMax": 0.0,
        "TotalValueBondsRemaining": 0.0,
        "NumBondsRemaining": null
    },
    {
        "FacilityID": "200911-0007",
        "CanIssueNewBonds": true,
        "TotalValueBondsAllowed": 7000000.00,
        "TotalValueBondsActive": 3986001.63,
        "TotalValueBondsInCart": 1248345.11,
        "TotalValueBondsExpired": 2137642.70,
        "TotalValueBondsProcessing": 435878.11,
        "TotalValueBondsUnsubmitted": 812467.00,
        "NumBondsAllowed": null,
        "NumBondsActive": 21,
        "NumBondsInCart": 16,
        "NumBondsExpired": 12,
        "NumBondsProcessing": 9,
        "NumBondsUnsubmitted": 7,
        "TotalValueBondsRemainingMax": 1765653.26,
        "TotalValueBondsRemaining": 1765653.26,
        "NumBondsRemaining": null
    },
    {
        "FacilityID": "200911-0008",
        "CanIssueNewBonds": false,
        "TotalValueBondsAllowed": 0.00,
        "TotalValueBondsActive": 0.0,
        "TotalValueBondsInCart": 0.0,
        "TotalValueBondsExpired": 0.0,
        "TotalValueBondsProcessing": 0.0,
        "TotalValueBondsUnsubmitted": 0.0,
        "NumBondsAllowed": null,
        "NumBondsActive": 0,
        "NumBondsInCart": 0,
        "NumBondsExpired": 0,
        "NumBondsProcessing": 0,
        "NumBondsUnsubmitted": 0,
        "TotalValueBondsRemainingMax": 0.0,
        "TotalValueBondsRemaining": 0.0,
        "NumBondsRemaining": null
    },
    {
        "FacilityID": "200911-0009",
        "CanIssueNewBonds": false,
        "TotalValueBondsAllowed": 0.00,
        "TotalValueBondsActive": 0.0,
        "TotalValueBondsInCart": 0.0,
        "TotalValueBondsExpired": 0.0,
        "TotalValueBondsProcessing": 0.0,
        "TotalValueBondsUnsubmitted": 0.0,
        "NumBondsAllowed": null,
        "NumBondsActive": 0,
        "NumBondsInCart": 0,
        "NumBondsExpired": 0,
        "NumBondsProcessing": 0,
        "NumBondsUnsubmitted": 0,
        "TotalValueBondsRemainingMax": 0.0,
        "TotalValueBondsRemaining": 0.0,
        "NumBondsRemaining": null
    },
    {
        "FacilityID": "200911-0010",
        "CanIssueNewBonds": true,
        "TotalValueBondsAllowed": 20000000.00,
        "TotalValueBondsActive": 0.0,
        "TotalValueBondsInCart": 0.0,
        "TotalValueBondsExpired": 0.0,
        "TotalValueBondsProcessing": 0.0,
        "TotalValueBondsUnsubmitted": 0.0,
        "NumBondsAllowed": null,
        "NumBondsActive": 0,
        "NumBondsInCart": 0,
        "NumBondsExpired": 0,
        "NumBondsProcessing": 0,
        "NumBondsUnsubmitted": 0,
        "TotalValueBondsRemainingMax": 20000000.00,
        "TotalValueBondsRemaining": 20000000.00,
        "NumBondsRemaining": null
    },
    {
        "FacilityID": "200911-0011",
        "CanIssueNewBonds": true,
        "TotalValueBondsAllowed": 0.00,
        "TotalValueBondsActive": 0.0,
        "TotalValueBondsInCart": 0.0,
        "TotalValueBondsExpired": 0.0,
        "TotalValueBondsProcessing": 0.0,
        "TotalValueBondsUnsubmitted": 0.0,
        "NumBondsAllowed": null,
        "NumBondsActive": 0,
        "NumBondsInCart": 0,
        "NumBondsExpired": 0,
        "NumBondsProcessing": 0,
        "NumBondsUnsubmitted": 0,
        "TotalValueBondsRemainingMax": 0.0,
        "TotalValueBondsRemaining": 0.0,
        "NumBondsRemaining": null
    },
    {
        "FacilityID": "200912-0001",
        "CanIssueNewBonds": true,
        "TotalValueBondsAllowed": 110000000.00,
        "TotalValueBondsActive": 0.0,
        "TotalValueBondsInCart": 0.0,
        "TotalValueBondsExpired": 0.0,
        "TotalValueBondsProcessing": 0.0,
        "TotalValueBondsUnsubmitted": 0.0,
        "NumBondsAllowed": null,
        "NumBondsActive": 0,
        "NumBondsInCart": 0,
        "NumBondsExpired": 0,
        "NumBondsProcessing": 0,
        "NumBondsUnsubmitted": 0,
        "TotalValueBondsRemainingMax": 110000000.00,
        "TotalValueBondsRemaining": 110000000.00,
        "NumBondsRemaining": null
    },
    {
        "FacilityID": "201001-0001",
        "CanIssueNewBonds": false,
        "TotalValueBondsAllowed": 0.00,
        "TotalValueBondsActive": 0.0,
        "TotalValueBondsInCart": 0.0,
        "TotalValueBondsExpired": 0.0,
        "TotalValueBondsProcessing": 0.0,
        "TotalValueBondsUnsubmitted": 0.0,
        "NumBondsAllowed": null,
        "NumBondsActive": 0,
        "NumBondsInCart": 0,
        "NumBondsExpired": 0,
        "NumBondsProcessing": 0,
        "NumBondsUnsubmitted": 0,
        "TotalValueBondsRemainingMax": 0.0,
        "TotalValueBondsRemaining": 0.0,
        "NumBondsRemaining": null
    },
    {
        "FacilityID": "201001-0002",
        "CanIssueNewBonds": false,
        "TotalValueBondsAllowed": 5256716.77,
        "TotalValueBondsActive": 0.0,
        "TotalValueBondsInCart": 0.0,
        "TotalValueBondsExpired": 0.0,
        "TotalValueBondsProcessing": 0.0,
        "TotalValueBondsUnsubmitted": 0.0,
        "NumBondsAllowed": null,
        "NumBondsActive": 0,
        "NumBondsInCart": 0,
        "NumBondsExpired": 0,
        "NumBondsProcessing": 0,
        "NumBondsUnsubmitted": 0,
        "TotalValueBondsRemainingMax": 0.0,
        "TotalValueBondsRemaining": 0.0,
        "NumBondsRemaining": null
    },
    {
        "FacilityID": "201001-0003",
        "CanIssueNewBonds": true,
        "TotalValueBondsAllowed": 554793.81,
        "TotalValueBondsActive": 0.0,
        "TotalValueBondsInCart": 0.0,
        "TotalValueBondsExpired": 0.0,
        "TotalValueBondsProcessing": 0.0,
        "TotalValueBondsUnsubmitted": 0.0,
        "NumBondsAllowed": null,
        "NumBondsActive": 0,
        "NumBondsInCart": 0,
        "NumBondsExpired": 0,
        "NumBondsProcessing": 0,
        "NumBondsUnsubmitted": 0,
        "TotalValueBondsRemainingMax": 554793.81,
        "TotalValueBondsRemaining": 554793.81,
        "NumBondsRemaining": null
    },
    {
        "FacilityID": "201001-0004",
        "CanIssueNewBonds": true,
        "TotalValueBondsAllowed": 200000000.00,
        "TotalValueBondsActive": 0.0,
        "TotalValueBondsInCart": 0.0,
        "TotalValueBondsExpired": 0.0,
        "TotalValueBondsProcessing": 0.0,
        "TotalValueBondsUnsubmitted": 0.0,
        "NumBondsAllowed": null,
        "NumBondsActive": 0,
        "NumBondsInCart": 0,
        "NumBondsExpired": 0,
        "NumBondsProcessing": 0,
        "NumBondsUnsubmitted": 0,
        "TotalValueBondsRemainingMax": 200000000.00,
        "TotalValueBondsRemaining": 200000000.00,
        "NumBondsRemaining": null
    },
    {
        "FacilityID": "201002-0001",
        "CanIssueNewBonds": false,
        "TotalValueBondsAllowed": 4000000.00,
        "TotalValueBondsActive": 0.0,
        "TotalValueBondsInCart": 0.0,
        "TotalValueBondsExpired": 0.0,
        "TotalValueBondsProcessing": 0.0,
        "TotalValueBondsUnsubmitted": 0.0,
        "NumBondsAllowed": null,
        "NumBondsActive": 0,
        "NumBondsInCart": 0,
        "NumBondsExpired": 0,
        "NumBondsProcessing": 0,
        "NumBondsUnsubmitted": 0,
        "TotalValueBondsRemainingMax": 0.0,
        "TotalValueBondsRemaining": 0.0,
        "NumBondsRemaining": null
    },
    {
        "FacilityID": "201003-0001",
        "CanIssueNewBonds": false,
        "TotalValueBondsAllowed": 2000000.00,
        "TotalValueBondsActive": 0.0,
        "TotalValueBondsInCart": 0.0,
        "TotalValueBondsExpired": 0.0,
        "TotalValueBondsProcessing": 0.0,
        "TotalValueBondsUnsubmitted": 0.0,
        "NumBondsAllowed": null,
        "NumBondsActive": 0,
        "NumBondsInCart": 0,
        "NumBondsExpired": 0,
        "NumBondsProcessing": 0,
        "NumBondsUnsubmitted": 0,
        "TotalValueBondsRemainingMax": 0.0,
        "TotalValueBondsRemaining": 0.0,
        "NumBondsRemaining": null
    },
    {
        "FacilityID": "201003-0002",
        "CanIssueNewBonds": false,
        "TotalValueBondsAllowed": 2500000.00,
        "TotalValueBondsActive": 2918340.89,
        "TotalValueBondsInCart": 0.0,
        "TotalValueBondsExpired": 1393793.00,
        "TotalValueBondsProcessing": 0.0,
        "TotalValueBondsUnsubmitted": 0.0,
        "NumBondsAllowed": null,
        "NumBondsActive": 6,
        "NumBondsInCart": 0,
        "NumBondsExpired": 4,
        "NumBondsProcessing": 0,
        "NumBondsUnsubmitted": 0,
        "TotalValueBondsRemainingMax": 0.0,
        "TotalValueBondsRemaining": 0.0,
        "NumBondsRemaining": null
    },
    {
        "FacilityID": "201003-0003",
        "CanIssueNewBonds": true,
        "TotalValueBondsAllowed": 9000000.00,
        "TotalValueBondsActive": 1361847.00,
        "TotalValueBondsInCart": 0.0,
        "TotalValueBondsExpired": 1361847.00,
        "TotalValueBondsProcessing": 0.0,
        "TotalValueBondsUnsubmitted": 0.0,
        "NumBondsAllowed": null,
        "NumBondsActive": 3,
        "NumBondsInCart": 0,
        "NumBondsExpired": 3,
        "NumBondsProcessing": 0,
        "NumBondsUnsubmitted": 0,
        "TotalValueBondsRemainingMax": 7638153.00,
        "TotalValueBondsRemaining": 7638153.00,
        "NumBondsRemaining": null
    },
    {
        "FacilityID": "201003-0004",
        "CanIssueNewBonds": true,
        "TotalValueBondsAllowed": 10627892.15,
        "TotalValueBondsActive": 0.0,
        "TotalValueBondsInCart": 0.0,
        "TotalValueBondsExpired": 0.0,
        "TotalValueBondsProcessing": 0.0,
        "TotalValueBondsUnsubmitted": 0.0,
        "NumBondsAllowed": null,
        "NumBondsActive": 0,
        "NumBondsInCart": 0,
        "NumBondsExpired": 0,
        "NumBondsProcessing": 0,
        "NumBondsUnsubmitted": 0,
        "TotalValueBondsRemainingMax": 10627892.15,
        "TotalValueBondsRemaining": 10627892.15,
        "NumBondsRemaining": null
    },
    {
        "FacilityID": "201003-0005",
        "CanIssueNewBonds": true,
        "TotalValueBondsAllowed": 24000000.00,
        "TotalValueBondsActive": 0.0,
        "TotalValueBondsInCart": 0.0,
        "TotalValueBondsExpired": 0.0,
        "TotalValueBondsProcessing": 0.0,
        "TotalValueBondsUnsubmitted": 0.0,
        "NumBondsAllowed": null,
        "NumBondsActive": 0,
        "NumBondsInCart": 0,
        "NumBondsExpired": 0,
        "NumBondsProcessing": 0,
        "NumBondsUnsubmitted": 0,
        "TotalValueBondsRemainingMax": 24000000.00,
        "TotalValueBondsRemaining": 24000000.00,
        "NumBondsRemaining": null
    },
    {
        "FacilityID": "201004-0001",
        "CanIssueNewBonds": false,
        "TotalValueBondsAllowed": 0.00,
        "TotalValueBondsActive": 0.0,
        "TotalValueBondsInCart": 0.0,
        "TotalValueBondsExpired": 0.0,
        "TotalValueBondsProcessing": 0.0,
        "TotalValueBondsUnsubmitted": 0.0,
        "NumBondsAllowed": null,
        "NumBondsActive": 0,
        "NumBondsInCart": 0,
        "NumBondsExpired": 0,
        "NumBondsProcessing": 0,
        "NumBondsUnsubmitted": 0,
        "TotalValueBondsRemainingMax": 0.0,
        "TotalValueBondsRemaining": 0.0,
        "NumBondsRemaining": null
    },
    {
        "FacilityID": "201004-0002",
        "CanIssueNewBonds": false,
        "TotalValueBondsAllowed": 69880.00,
        "TotalValueBondsActive": 0.0,
        "TotalValueBondsInCart": 0.0,
        "TotalValueBondsExpired": 0.0,
        "TotalValueBondsProcessing": 0.0,
        "TotalValueBondsUnsubmitted": 0.0,
        "NumBondsAllowed": null,
        "NumBondsActive": 0,
        "NumBondsInCart": 0,
        "NumBondsExpired": 0,
        "NumBondsProcessing": 0,
        "NumBondsUnsubmitted": 0,
        "TotalValueBondsRemainingMax": 0.0,
        "TotalValueBondsRemaining": 0.0,
        "NumBondsRemaining": null
    },
    {
        "FacilityID": "201005-0001",
        "CanIssueNewBonds": true,
        "TotalValueBondsAllowed": 20000000.00,
        "TotalValueBondsActive": 11408929.18,
        "TotalValueBondsInCart": 0.0,
        "TotalValueBondsExpired": 8943181.34,
        "TotalValueBondsProcessing": 0.0,
        "TotalValueBondsUnsubmitted": 0.0,
        "NumBondsAllowed": null,
        "NumBondsActive": 148,
        "NumBondsInCart": 0,
        "NumBondsExpired": 115,
        "NumBondsProcessing": 0,
        "NumBondsUnsubmitted": 0,
        "TotalValueBondsRemainingMax": 8591070.82,
        "TotalValueBondsRemaining": 8591070.82,
        "NumBondsRemaining": null
    },
    {
        "FacilityID": "201005-0002",
        "CanIssueNewBonds": false,
        "TotalValueBondsAllowed": 0.00,
        "TotalValueBondsActive": 0.0,
        "TotalValueBondsInCart": 0.0,
        "TotalValueBondsExpired": 0.0,
        "TotalValueBondsProcessing": 0.0,
        "TotalValueBondsUnsubmitted": 0.0,
        "NumBondsAllowed": null,
        "NumBondsActive": 0,
        "NumBondsInCart": 0,
        "NumBondsExpired": 0,
        "NumBondsProcessing": 0,
        "NumBondsUnsubmitted": 0,
        "TotalValueBondsRemainingMax": 0.0,
        "TotalValueBondsRemaining": 0.0,
        "NumBondsRemaining": null
    },
    {
        "FacilityID": "201005-0003",
        "CanIssueNewBonds": false,
        "TotalValueBondsAllowed": 0.00,
        "TotalValueBondsActive": 0.0,
        "TotalValueBondsInCart": 0.0,
        "TotalValueBondsExpired": 0.0,
        "TotalValueBondsProcessing": 0.0,
        "TotalValueBondsUnsubmitted": 0.0,
        "NumBondsAllowed": null,
        "NumBondsActive": 0,
        "NumBondsInCart": 0,
        "NumBondsExpired": 0,
        "NumBondsProcessing": 0,
        "NumBondsUnsubmitted": 0,
        "TotalValueBondsRemainingMax": 0.0,
        "TotalValueBondsRemaining": 0.0,
        "NumBondsRemaining": null
    },
    {
        "FacilityID": "201006-0001",
        "CanIssueNewBonds": true,
        "TotalValueBondsAllowed": 520372.24,
        "TotalValueBondsActive": 0.0,
        "TotalValueBondsInCart": 0.0,
        "TotalValueBondsExpired": 0.0,
        "TotalValueBondsProcessing": 0.0,
        "TotalValueBondsUnsubmitted": 0.0,
        "NumBondsAllowed": null,
        "NumBondsActive": 0,
        "NumBondsInCart": 0,
        "NumBondsExpired": 0,
        "NumBondsProcessing": 0,
        "NumBondsUnsubmitted": 0,
        "TotalValueBondsRemainingMax": 520372.24,
        "TotalValueBondsRemaining": 520372.24,
        "NumBondsRemaining": null
    },
    {
        "FacilityID": "201006-0002",
        "CanIssueNewBonds": false,
        "TotalValueBondsAllowed": 0.00,
        "TotalValueBondsActive": 0.0,
        "TotalValueBondsInCart": 0.0,
        "TotalValueBondsExpired": 0.0,
        "TotalValueBondsProcessing": 0.0,
        "TotalValueBondsUnsubmitted": 0.0,
        "NumBondsAllowed": null,
        "NumBondsActive": 0,
        "NumBondsInCart": 0,
        "NumBondsExpired": 0,
        "NumBondsProcessing": 0,
        "NumBondsUnsubmitted": 0,
        "TotalValueBondsRemainingMax": 0.0,
        "TotalValueBondsRemaining": 0.0,
        "NumBondsRemaining": null
    },
    {
        "FacilityID": "201006-0003",
        "CanIssueNewBonds": false,
        "TotalValueBondsAllowed": 2000000.00,
        "TotalValueBondsActive": 0.0,
        "TotalValueBondsInCart": 0.0,
        "TotalValueBondsExpired": 0.0,
        "TotalValueBondsProcessing": 0.0,
        "TotalValueBondsUnsubmitted": 0.0,
        "NumBondsAllowed": null,
        "NumBondsActive": 0,
        "NumBondsInCart": 0,
        "NumBondsExpired": 0,
        "NumBondsProcessing": 0,
        "NumBondsUnsubmitted": 0,
        "TotalValueBondsRemainingMax": 0.0,
        "TotalValueBondsRemaining": 0.0,
        "NumBondsRemaining": null
    },
    {
        "FacilityID": "201007-0001",
        "CanIssueNewBonds": true,
        "TotalValueBondsAllowed": 35000000.00,
        "TotalValueBondsActive": 10089595.65,
        "TotalValueBondsInCart": 0.0,
        "TotalValueBondsExpired": 8257019.57,
        "TotalValueBondsProcessing": 0.0,
        "TotalValueBondsUnsubmitted": 0.0,
        "NumBondsAllowed": null,
        "NumBondsActive": 76,
        "NumBondsInCart": 0,
        "NumBondsExpired": 53,
        "NumBondsProcessing": 0,
        "NumBondsUnsubmitted": 0,
        "TotalValueBondsRemainingMax": 24910404.35,
        "TotalValueBondsRemaining": 24910404.35,
        "NumBondsRemaining": null
    },
    {
        "FacilityID": "201007-0002",
        "CanIssueNewBonds": true,
        "TotalValueBondsAllowed": 70801752.31,
        "TotalValueBondsActive": 0.0,
        "TotalValueBondsInCart": 0.0,
        "TotalValueBondsExpired": 0.0,
        "TotalValueBondsProcessing": 0.0,
        "TotalValueBondsUnsubmitted": 0.0,
        "NumBondsAllowed": null,
        "NumBondsActive": 0,
        "NumBondsInCart": 0,
        "NumBondsExpired": 0,
        "NumBondsProcessing": 0,
        "NumBondsUnsubmitted": 0,
        "TotalValueBondsRemainingMax": 70801752.31,
        "TotalValueBondsRemaining": 70801752.31,
        "NumBondsRemaining": null
    },
    {
        "FacilityID": "201007-0003",
        "CanIssueNewBonds": false,
        "TotalValueBondsAllowed": 20000000.00,
        "TotalValueBondsActive": 0.0,
        "TotalValueBondsInCart": 0.0,
        "TotalValueBondsExpired": 0.0,
        "TotalValueBondsProcessing": 0.0,
        "TotalValueBondsUnsubmitted": 0.0,
        "NumBondsAllowed": null,
        "NumBondsActive": 0,
        "NumBondsInCart": 0,
        "NumBondsExpired": 0,
        "NumBondsProcessing": 0,
        "NumBondsUnsubmitted": 0,
        "TotalValueBondsRemainingMax": 0.0,
        "TotalValueBondsRemaining": 0.0,
        "NumBondsRemaining": null
    },
    {
        "FacilityID": "201007-0004",
        "CanIssueNewBonds": true,
        "TotalValueBondsAllowed": 10000000.00,
        "TotalValueBondsActive": 0.0,
        "TotalValueBondsInCart": 0.0,
        "TotalValueBondsExpired": 0.0,
        "TotalValueBondsProcessing": 0.0,
        "TotalValueBondsUnsubmitted": 0.0,
        "NumBondsAllowed": null,
        "NumBondsActive": 0,
        "NumBondsInCart": 0,
        "NumBondsExpired": 0,
        "NumBondsProcessing": 0,
        "NumBondsUnsubmitted": 0,
        "TotalValueBondsRemainingMax": 10000000.00,
        "TotalValueBondsRemaining": 10000000.00,
        "NumBondsRemaining": null
    },
    {
        "FacilityID": "201007-0005",
        "CanIssueNewBonds": false,
        "TotalValueBondsAllowed": 0.00,
        "TotalValueBondsActive": 0.0,
        "TotalValueBondsInCart": 0.0,
        "TotalValueBondsExpired": 0.0,
        "TotalValueBondsProcessing": 0.0,
        "TotalValueBondsUnsubmitted": 0.0,
        "NumBondsAllowed": null,
        "NumBondsActive": 0,
        "NumBondsInCart": 0,
        "NumBondsExpired": 0,
        "NumBondsProcessing": 0,
        "NumBondsUnsubmitted": 0,
        "TotalValueBondsRemainingMax": 0.0,
        "TotalValueBondsRemaining": 0.0,
        "NumBondsRemaining": null
    },
    {
        "FacilityID": "201008-0001",
        "CanIssueNewBonds": false,
        "TotalValueBondsAllowed": 20000000.00,
        "TotalValueBondsActive": 0.0,
        "TotalValueBondsInCart": 0.0,
        "TotalValueBondsExpired": 0.0,
        "TotalValueBondsProcessing": 0.0,
        "TotalValueBondsUnsubmitted": 0.0,
        "NumBondsAllowed": null,
        "NumBondsActive": 0,
        "NumBondsInCart": 0,
        "NumBondsExpired": 0,
        "NumBondsProcessing": 0,
        "NumBondsUnsubmitted": 0,
        "TotalValueBondsRemainingMax": 0.0,
        "TotalValueBondsRemaining": 0.0,
        "NumBondsRemaining": null
    },
    {
        "FacilityID": "201008-0002",
        "CanIssueNewBonds": false,
        "TotalValueBondsAllowed": 0.00,
        "TotalValueBondsActive": 0.0,
        "TotalValueBondsInCart": 0.0,
        "TotalValueBondsExpired": 0.0,
        "TotalValueBondsProcessing": 0.0,
        "TotalValueBondsUnsubmitted": 0.0,
        "NumBondsAllowed": null,
        "NumBondsActive": 0,
        "NumBondsInCart": 0,
        "NumBondsExpired": 0,
        "NumBondsProcessing": 0,
        "NumBondsUnsubmitted": 0,
        "TotalValueBondsRemainingMax": 0.0,
        "TotalValueBondsRemaining": 0.0,
        "NumBondsRemaining": null
    },
    {
        "FacilityID": "201009-0001",
        "CanIssueNewBonds": true,
        "TotalValueBondsAllowed": 50000000.00,
        "TotalValueBondsActive": 27606920.54,
        "TotalValueBondsInCart": 15969998.00,
        "TotalValueBondsExpired": 20403142.22,
        "TotalValueBondsProcessing": 22181042.77,
        "TotalValueBondsUnsubmitted": 6144.00,
        "NumBondsAllowed": null,
        "NumBondsActive": 80,
        "NumBondsInCart": 42,
        "NumBondsExpired": 67,
        "NumBondsProcessing": 41,
        "NumBondsUnsubmitted": 8,
        "TotalValueBondsRemainingMax": 6423081.46,
        "TotalValueBondsRemaining": 6423081.46,
        "NumBondsRemaining": null
    },
    {
        "FacilityID": "201009-0002",
        "CanIssueNewBonds": false,
        "TotalValueBondsAllowed": 15000000.00,
        "TotalValueBondsActive": 0.0,
        "TotalValueBondsInCart": 0.0,
        "TotalValueBondsExpired": 0.0,
        "TotalValueBondsProcessing": 0.0,
        "TotalValueBondsUnsubmitted": 0.0,
        "NumBondsAllowed": null,
        "NumBondsActive": 0,
        "NumBondsInCart": 0,
        "NumBondsExpired": 0,
        "NumBondsProcessing": 0,
        "NumBondsUnsubmitted": 0,
        "TotalValueBondsRemainingMax": 0.0,
        "TotalValueBondsRemaining": 0.0,
        "NumBondsRemaining": null
    },
    {
        "FacilityID": "201009-0003",
        "CanIssueNewBonds": true,
        "TotalValueBondsAllowed": 5000000.00,
        "TotalValueBondsActive": 4112332.02,
        "TotalValueBondsInCart": 0.0,
        "TotalValueBondsExpired": 4112332.02,
        "TotalValueBondsProcessing": 0.0,
        "TotalValueBondsUnsubmitted": 0.0,
        "NumBondsAllowed": null,
        "NumBondsActive": 5,
        "NumBondsInCart": 0,
        "NumBondsExpired": 5,
        "NumBondsProcessing": 0,
        "NumBondsUnsubmitted": 0,
        "TotalValueBondsRemainingMax": 887667.98,
        "TotalValueBondsRemaining": 887667.98,
        "NumBondsRemaining": null
    },
    {
        "FacilityID": "201009-0004",
        "CanIssueNewBonds": false,
        "TotalValueBondsAllowed": 0.00,
        "TotalValueBondsActive": 0.0,
        "TotalValueBondsInCart": 0.0,
        "TotalValueBondsExpired": 0.0,
        "TotalValueBondsProcessing": 0.0,
        "TotalValueBondsUnsubmitted": 0.0,
        "NumBondsAllowed": null,
        "NumBondsActive": 0,
        "NumBondsInCart": 0,
        "NumBondsExpired": 0,
        "NumBondsProcessing": 0,
        "NumBondsUnsubmitted": 0,
        "TotalValueBondsRemainingMax": 0.0,
        "TotalValueBondsRemaining": 0.0,
        "NumBondsRemaining": null
    },
    {
        "FacilityID": "201010-0001",
        "CanIssueNewBonds": true,
        "TotalValueBondsAllowed": 7000000.00,
        "TotalValueBondsActive": 4699102.56,
        "TotalValueBondsInCart": 0.0,
        "TotalValueBondsExpired": 4072422.79,
        "TotalValueBondsProcessing": 0.0,
        "TotalValueBondsUnsubmitted": 0.0,
        "NumBondsAllowed": null,
        "NumBondsActive": 24,
        "NumBondsInCart": 0,
        "NumBondsExpired": 17,
        "NumBondsProcessing": 0,
        "NumBondsUnsubmitted": 0,
        "TotalValueBondsRemainingMax": 2300897.44,
        "TotalValueBondsRemaining": 2300897.44,
        "NumBondsRemaining": null
    },
    {
        "FacilityID": "201010-0002",
        "CanIssueNewBonds": false,
        "TotalValueBondsAllowed": 0.00,
        "TotalValueBondsActive": 0.0,
        "TotalValueBondsInCart": 0.0,
        "TotalValueBondsExpired": 0.0,
        "TotalValueBondsProcessing": 0.0,
        "TotalValueBondsUnsubmitted": 0.0,
        "NumBondsAllowed": null,
        "NumBondsActive": 0,
        "NumBondsInCart": 0,
        "NumBondsExpired": 0,
        "NumBondsProcessing": 0,
        "NumBondsUnsubmitted": 0,
        "TotalValueBondsRemainingMax": 0.0,
        "TotalValueBondsRemaining": 0.0,
        "NumBondsRemaining": null
    },
    {
        "FacilityID": "201011-0001",
        "CanIssueNewBonds": false,
        "TotalValueBondsAllowed": 0.00,
        "TotalValueBondsActive": 0.0,
        "TotalValueBondsInCart": 0.0,
        "TotalValueBondsExpired": 0.0,
        "TotalValueBondsProcessing": 0.0,
        "TotalValueBondsUnsubmitted": 0.0,
        "NumBondsAllowed": null,
        "NumBondsActive": 0,
        "NumBondsInCart": 0,
        "NumBondsExpired": 0,
        "NumBondsProcessing": 0,
        "NumBondsUnsubmitted": 0,
        "TotalValueBondsRemainingMax": 0.0,
        "TotalValueBondsRemaining": 0.0,
        "NumBondsRemaining": null
    },
    {
        "FacilityID": "201011-0002",
        "CanIssueNewBonds": false,
        "TotalValueBondsAllowed": 0.00,
        "TotalValueBondsActive": 0.0,
        "TotalValueBondsInCart": 0.0,
        "TotalValueBondsExpired": 0.0,
        "TotalValueBondsProcessing": 0.0,
        "TotalValueBondsUnsubmitted": 0.0,
        "NumBondsAllowed": null,
        "NumBondsActive": 0,
        "NumBondsInCart": 0,
        "NumBondsExpired": 0,
        "NumBondsProcessing": 0,
        "NumBondsUnsubmitted": 0,
        "TotalValueBondsRemainingMax": 0.0,
        "TotalValueBondsRemaining": 0.0,
        "NumBondsRemaining": null
    },
    {
        "FacilityID": "201012-0001",
        "CanIssueNewBonds": false,
        "TotalValueBondsAllowed": 0.00,
        "TotalValueBondsActive": 0.0,
        "TotalValueBondsInCart": 0.0,
        "TotalValueBondsExpired": 0.0,
        "TotalValueBondsProcessing": 0.0,
        "TotalValueBondsUnsubmitted": 0.0,
        "NumBondsAllowed": null,
        "NumBondsActive": 0,
        "NumBondsInCart": 0,
        "NumBondsExpired": 0,
        "NumBondsProcessing": 0,
        "NumBondsUnsubmitted": 0,
        "TotalValueBondsRemainingMax": 0.0,
        "TotalValueBondsRemaining": 0.0,
        "NumBondsRemaining": null
    },
    {
        "FacilityID": "201012-0002",
        "CanIssueNewBonds": true,
        "TotalValueBondsAllowed": 125000000.00,
        "TotalValueBondsActive": 54326256.35,
        "TotalValueBondsInCart": 10807705.00,
        "TotalValueBondsExpired": 0.0,
        "TotalValueBondsProcessing": 1911564.00,
        "TotalValueBondsUnsubmitted": 8896141.00,
        "NumBondsAllowed": null,
        "NumBondsActive": 34,
        "NumBondsInCart": 17,
        "NumBondsExpired": 0,
        "NumBondsProcessing": 6,
        "NumBondsUnsubmitted": 11,
        "TotalValueBondsRemainingMax": 59866038.65,
        "TotalValueBondsRemaining": 59866038.65,
        "NumBondsRemaining": null
    },
    {
        "FacilityID": "201012-0003",
        "CanIssueNewBonds": false,
        "TotalValueBondsAllowed": 127503.43,
        "TotalValueBondsActive": 127503.43,
        "TotalValueBondsInCart": 0.0,
        "TotalValueBondsExpired": 127503.43,
        "TotalValueBondsProcessing": 0.0,
        "TotalValueBondsUnsubmitted": 0.0,
        "NumBondsAllowed": null,
        "NumBondsActive": 1,
        "NumBondsInCart": 0,
        "NumBondsExpired": 1,
        "NumBondsProcessing": 0,
        "NumBondsUnsubmitted": 0,
        "TotalValueBondsRemainingMax": 0.0,
        "TotalValueBondsRemaining": 0.0,
        "NumBondsRemaining": null
    },
    {
        "FacilityID": "201012-0004",
        "CanIssueNewBonds": true,
        "TotalValueBondsAllowed": 5000000.00,
        "TotalValueBondsActive": 2080639.11,
        "TotalValueBondsInCart": 0.0,
        "TotalValueBondsExpired": 1927250.23,
        "TotalValueBondsProcessing": 0.0,
        "TotalValueBondsUnsubmitted": 0.0,
        "NumBondsAllowed": null,
        "NumBondsActive": 44,
        "NumBondsInCart": 0,
        "NumBondsExpired": 33,
        "NumBondsProcessing": 0,
        "NumBondsUnsubmitted": 0,
        "TotalValueBondsRemainingMax": 2919360.89,
        "TotalValueBondsRemaining": 2919360.89,
        "NumBondsRemaining": null
    },
    {
        "FacilityID": "201012-0005",
        "CanIssueNewBonds": false,
        "TotalValueBondsAllowed": 0.00,
        "TotalValueBondsActive": 0.0,
        "TotalValueBondsInCart": 0.0,
        "TotalValueBondsExpired": 0.0,
        "TotalValueBondsProcessing": 0.0,
        "TotalValueBondsUnsubmitted": 0.0,
        "NumBondsAllowed": null,
        "NumBondsActive": 0,
        "NumBondsInCart": 0,
        "NumBondsExpired": 0,
        "NumBondsProcessing": 0,
        "NumBondsUnsubmitted": 0,
        "TotalValueBondsRemainingMax": 0.0,
        "TotalValueBondsRemaining": 0.0,
        "NumBondsRemaining": null
    },
    {
        "FacilityID": "201103-0001",
        "CanIssueNewBonds": false,
        "TotalValueBondsAllowed": 0.00,
        "TotalValueBondsActive": 0.0,
        "TotalValueBondsInCart": 0.0,
        "TotalValueBondsExpired": 0.0,
        "TotalValueBondsProcessing": 0.0,
        "TotalValueBondsUnsubmitted": 0.0,
        "NumBondsAllowed": null,
        "NumBondsActive": 0,
        "NumBondsInCart": 0,
        "NumBondsExpired": 0,
        "NumBondsProcessing": 0,
        "NumBondsUnsubmitted": 0,
        "TotalValueBondsRemainingMax": 0.0,
        "TotalValueBondsRemaining": 0.0,
        "NumBondsRemaining": null
    },
    {
        "FacilityID": "201103-0002",
        "CanIssueNewBonds": true,
        "TotalValueBondsAllowed": 5000000.00,
        "TotalValueBondsActive": 0.0,
        "TotalValueBondsInCart": 0.0,
        "TotalValueBondsExpired": 0.0,
        "TotalValueBondsProcessing": 0.0,
        "TotalValueBondsUnsubmitted": 0.0,
        "NumBondsAllowed": null,
        "NumBondsActive": 0,
        "NumBondsInCart": 0,
        "NumBondsExpired": 0,
        "NumBondsProcessing": 0,
        "NumBondsUnsubmitted": 0,
        "TotalValueBondsRemainingMax": 5000000.00,
        "TotalValueBondsRemaining": 5000000.00,
        "NumBondsRemaining": null
    },
    {
        "FacilityID": "201103-0003",
        "CanIssueNewBonds": false,
        "TotalValueBondsAllowed": 0.00,
        "TotalValueBondsActive": 0.0,
        "TotalValueBondsInCart": 0.0,
        "TotalValueBondsExpired": 0.0,
        "TotalValueBondsProcessing": 0.0,
        "TotalValueBondsUnsubmitted": 0.0,
        "NumBondsAllowed": null,
        "NumBondsActive": 0,
        "NumBondsInCart": 0,
        "NumBondsExpired": 0,
        "NumBondsProcessing": 0,
        "NumBondsUnsubmitted": 0,
        "TotalValueBondsRemainingMax": 0.0,
        "TotalValueBondsRemaining": 0.0,
        "NumBondsRemaining": null
    },
    {
        "FacilityID": "201104-0001",
        "CanIssueNewBonds": false,
        "TotalValueBondsAllowed": 0.00,
        "TotalValueBondsActive": 0.0,
        "TotalValueBondsInCart": 0.0,
        "TotalValueBondsExpired": 0.0,
        "TotalValueBondsProcessing": 0.0,
        "TotalValueBondsUnsubmitted": 0.0,
        "NumBondsAllowed": null,
        "NumBondsActive": 0,
        "NumBondsInCart": 0,
        "NumBondsExpired": 0,
        "NumBondsProcessing": 0,
        "NumBondsUnsubmitted": 0,
        "TotalValueBondsRemainingMax": 0.0,
        "TotalValueBondsRemaining": 0.0,
        "NumBondsRemaining": null
    },
    {
        "FacilityID": "201105-0001",
        "CanIssueNewBonds": false,
        "TotalValueBondsAllowed": 0.00,
        "TotalValueBondsActive": 0.0,
        "TotalValueBondsInCart": 0.0,
        "TotalValueBondsExpired": 0.0,
        "TotalValueBondsProcessing": 0.0,
        "TotalValueBondsUnsubmitted": 0.0,
        "NumBondsAllowed": null,
        "NumBondsActive": 0,
        "NumBondsInCart": 0,
        "NumBondsExpired": 0,
        "NumBondsProcessing": 0,
        "NumBondsUnsubmitted": 0,
        "TotalValueBondsRemainingMax": 0.0,
        "TotalValueBondsRemaining": 0.0,
        "NumBondsRemaining": null
    },
    {
        "FacilityID": "201105-0002",
        "CanIssueNewBonds": true,
        "TotalValueBondsAllowed": 172907.40,
        "TotalValueBondsActive": 0.0,
        "TotalValueBondsInCart": 0.00,
        "TotalValueBondsExpired": 0.0,
        "TotalValueBondsProcessing": 0.0,
        "TotalValueBondsUnsubmitted": 0.00,
        "NumBondsAllowed": null,
        "NumBondsActive": 0,
        "NumBondsInCart": 1,
        "NumBondsExpired": 0,
        "NumBondsProcessing": 0,
        "NumBondsUnsubmitted": 1,
        "TotalValueBondsRemainingMax": 172907.40,
        "TotalValueBondsRemaining": 172907.40,
        "NumBondsRemaining": null
    },
    {
        "FacilityID": "201105-0003",
        "CanIssueNewBonds": true,
        "TotalValueBondsAllowed": 10250000.00,
        "TotalValueBondsActive": 0.0,
        "TotalValueBondsInCart": 0.0,
        "TotalValueBondsExpired": 0.0,
        "TotalValueBondsProcessing": 0.0,
        "TotalValueBondsUnsubmitted": 0.0,
        "NumBondsAllowed": null,
        "NumBondsActive": 0,
        "NumBondsInCart": 0,
        "NumBondsExpired": 0,
        "NumBondsProcessing": 0,
        "NumBondsUnsubmitted": 0,
        "TotalValueBondsRemainingMax": 10250000.00,
        "TotalValueBondsRemaining": 10250000.00,
        "NumBondsRemaining": null
    },
    {
        "FacilityID": "201106-0001",
        "CanIssueNewBonds": false,
        "TotalValueBondsAllowed": 0.00,
        "TotalValueBondsActive": 0.0,
        "TotalValueBondsInCart": 0.0,
        "TotalValueBondsExpired": 0.0,
        "TotalValueBondsProcessing": 0.0,
        "TotalValueBondsUnsubmitted": 0.0,
        "NumBondsAllowed": null,
        "NumBondsActive": 0,
        "NumBondsInCart": 0,
        "NumBondsExpired": 0,
        "NumBondsProcessing": 0,
        "NumBondsUnsubmitted": 0,
        "TotalValueBondsRemainingMax": 0.0,
        "TotalValueBondsRemaining": 0.0,
        "NumBondsRemaining": null
    },
    {
        "FacilityID": "201106-0002",
        "CanIssueNewBonds": false,
        "TotalValueBondsAllowed": 0.00,
        "TotalValueBondsActive": 0.0,
        "TotalValueBondsInCart": 0.0,
        "TotalValueBondsExpired": 0.0,
        "TotalValueBondsProcessing": 0.0,
        "TotalValueBondsUnsubmitted": 0.0,
        "NumBondsAllowed": null,
        "NumBondsActive": 0,
        "NumBondsInCart": 0,
        "NumBondsExpired": 0,
        "NumBondsProcessing": 0,
        "NumBondsUnsubmitted": 0,
        "TotalValueBondsRemainingMax": 0.0,
        "TotalValueBondsRemaining": 0.0,
        "NumBondsRemaining": null
    },
    {
        "FacilityID": "201106-0003",
        "CanIssueNewBonds": false,
        "TotalValueBondsAllowed": 30000000.00,
        "TotalValueBondsActive": 0.0,
        "TotalValueBondsInCart": 0.0,
        "TotalValueBondsExpired": 0.0,
        "TotalValueBondsProcessing": 0.0,
        "TotalValueBondsUnsubmitted": 0.0,
        "NumBondsAllowed": null,
        "NumBondsActive": 0,
        "NumBondsInCart": 0,
        "NumBondsExpired": 0,
        "NumBondsProcessing": 0,
        "NumBondsUnsubmitted": 0,
        "TotalValueBondsRemainingMax": 0.0,
        "TotalValueBondsRemaining": 0.0,
        "NumBondsRemaining": null
    },
    {
        "FacilityID": "201106-0004",
        "CanIssueNewBonds": true,
        "TotalValueBondsAllowed": 300043.30,
        "TotalValueBondsActive": 0.0,
        "TotalValueBondsInCart": 0.0,
        "TotalValueBondsExpired": 0.0,
        "TotalValueBondsProcessing": 0.0,
        "TotalValueBondsUnsubmitted": 0.0,
        "NumBondsAllowed": null,
        "NumBondsActive": 0,
        "NumBondsInCart": 0,
        "NumBondsExpired": 0,
        "NumBondsProcessing": 0,
        "NumBondsUnsubmitted": 0,
        "TotalValueBondsRemainingMax": 300043.30,
        "TotalValueBondsRemaining": 300043.30,
        "NumBondsRemaining": null
    },
    {
        "FacilityID": "201106-0005",
        "CanIssueNewBonds": false,
        "TotalValueBondsAllowed": 0.00,
        "TotalValueBondsActive": 0.0,
        "TotalValueBondsInCart": 0.0,
        "TotalValueBondsExpired": 0.0,
        "TotalValueBondsProcessing": 0.0,
        "TotalValueBondsUnsubmitted": 0.0,
        "NumBondsAllowed": null,
        "NumBondsActive": 0,
        "NumBondsInCart": 0,
        "NumBondsExpired": 0,
        "NumBondsProcessing": 0,
        "NumBondsUnsubmitted": 0,
        "TotalValueBondsRemainingMax": 0.0,
        "TotalValueBondsRemaining": 0.0,
        "NumBondsRemaining": null
    },
    {
        "FacilityID": "201107-0001",
        "CanIssueNewBonds": false,
        "TotalValueBondsAllowed": 8500000.00,
        "TotalValueBondsActive": 0.0,
        "TotalValueBondsInCart": 0.0,
        "TotalValueBondsExpired": 0.0,
        "TotalValueBondsProcessing": 0.0,
        "TotalValueBondsUnsubmitted": 0.0,
        "NumBondsAllowed": null,
        "NumBondsActive": 0,
        "NumBondsInCart": 0,
        "NumBondsExpired": 0,
        "NumBondsProcessing": 0,
        "NumBondsUnsubmitted": 0,
        "TotalValueBondsRemainingMax": 0.0,
        "TotalValueBondsRemaining": 0.0,
        "NumBondsRemaining": null
    },
    {
        "FacilityID": "201108-0001",
        "CanIssueNewBonds": false,
        "TotalValueBondsAllowed": 254683.00,
        "TotalValueBondsActive": 254683.00,
        "TotalValueBondsInCart": 0.0,
        "TotalValueBondsExpired": 233000.00,
        "TotalValueBondsProcessing": 0.0,
        "TotalValueBondsUnsubmitted": 0.0,
        "NumBondsAllowed": null,
        "NumBondsActive": 4,
        "NumBondsInCart": 0,
        "NumBondsExpired": 3,
        "NumBondsProcessing": 0,
        "NumBondsUnsubmitted": 0,
        "TotalValueBondsRemainingMax": 0.0,
        "TotalValueBondsRemaining": 0.0,
        "NumBondsRemaining": null
    },
    {
        "FacilityID": "201108-0002",
[...]
            "UnderwriterName": "Ian Watt",
            "UnderwriterEmail": "Ian.Watt@assetinsure.com.au"
        },
        {
            "FacilityID": "201006-0001",
            "CompanyName": "RCR Tomlinson Limited",
            "BrokerCompanyID": "5678",
            "BrokerCompanyName": "InsCap Pty Ltd",
            "UnderwriterName": "Mark Sykes",
            "UnderwriterEmail": ""
        },
        {
            "FacilityID": "201007-0001",
            "CompanyName": "AVJennings Limited",
            "BrokerCompanyID": "122",
            "BrokerCompanyName": "Stening Simpson Group",
            "UnderwriterName": "Ian Lee",
            "UnderwriterEmail": ""
        },
        {
            "FacilityID": "201007-0002",
            "CompanyName": "Downer Group Finance Pty Limited",
            "BrokerCompanyID": null,
            "BrokerCompanyName": null,
            "UnderwriterName": "Gerry Twomey",
            "UnderwriterEmail": ""
        },
        {
            "FacilityID": "201007-0004",
            "CompanyName": "Aveo Group Limited",
            "BrokerCompanyID": "",
            "BrokerCompanyName": "Stening Simpson Group",
            "UnderwriterName": "Timothy Sam",
            "UnderwriterEmail": ""
        },
        {
            "FacilityID": "201009-0001",
            "CompanyName": "Peet Limited",
            "BrokerCompanyID": null,
            "BrokerCompanyName": null,
            "UnderwriterName": "Ian Watt",
            "UnderwriterEmail": ""
        },
        {
            "FacilityID": "201009-0003",
            "CompanyName": "Aussie Modular Solutions Pty Ltd",
            "BrokerCompanyID": "5678",
            "BrokerCompanyName": "InsCap Pty Ltd",
            "UnderwriterName": "Andrew Sim",
            "UnderwriterEmail": ""
        },
        {
            "FacilityID": "201010-0001",
            "CompanyName": "Project Co-ordination (Australia) Pty Limited",
            "BrokerCompanyID": "117",
            "BrokerCompanyName": "Willis Construction Risks",
            "UnderwriterName": "Gerry Twomey",
            "UnderwriterEmail": ""
        },
        {
            "FacilityID": "201012-0002",
            "CompanyName": "Civmec Construction & Engineering Pty Limited",
            "BrokerCompanyID": "331",
            "BrokerCompanyName": "Lockton Companies Australia Pty Ltd",
            "UnderwriterName": "Ian Watt",
            "UnderwriterEmail": ""
        },
        {
            "FacilityID": "201012-0003",
            "CompanyName": "ADCIV Pty Limited",
            "BrokerCompanyID": null,
            "BrokerCompanyName": null,
            "UnderwriterName": "Andrew Calvert",
            "UnderwriterEmail": ""
        },
        {
            "FacilityID": "201012-0004",
            "CompanyName": "O'Donnell & Hanlon Pty Limited",
            "BrokerCompanyID": null,
            "BrokerCompanyName": null,
            "UnderwriterName": "Gerry Twomey",
            "UnderwriterEmail": ""
        },
        {
            "FacilityID": "201103-0002",
            "CompanyName": "Lucas Earthmovers Pty Ltd",
            "BrokerCompanyID": "605",
            "BrokerCompanyName": "Austbrokers Trade Credit Pty",
            "UnderwriterName": "Ian Lee",
            "UnderwriterEmail": ""
        },
        {
            "FacilityID": "201105-0002",
            "CompanyName": "CBI Constructors Pty Limited",
            "BrokerCompanyID": "4750",
            "BrokerCompanyName": "Aon Corporation Aust Ltd",
            "UnderwriterName": "Ian Watt",
            "UnderwriterEmail": ""
        },
        {
            "FacilityID": "201105-0003",
            "CompanyName": "Heinrich Constructions Pty Limited",
            "BrokerCompanyID": "1610",
            "BrokerCompanyName": "Commercial Finance Connections Pty Ltd",
            "UnderwriterName": "Gerry Twomey",
            "UnderwriterEmail": ""
        },
        {
            "FacilityID": "201106-0004",
            "CompanyName": "Walton Construction Pty Limited",
            "BrokerCompanyID": "2638",
            "BrokerCompanyName": "Insurance House Pty Ltd",
            "UnderwriterName": "Andrew Calvert",
            "UnderwriterEmail": ""
        },
        {
            "FacilityID": "201108-0001",
            "CompanyName": "Cleanaway Waste Management Limited",
            "BrokerCompanyID": "4750",
            "BrokerCompanyName": "Aon Corporation Aust Ltd",
            "UnderwriterName": "Ian Lee",
            "UnderwriterEmail": ""
        },
        {
            "FacilityID": "201109-0001",
            "CompanyName": "Civil Mining & Construction Pty Limited",
            "BrokerCompanyID": null,
            "BrokerCompanyName": null,
            "UnderwriterName": "Timothy Sam",
            "UnderwriterEmail": ""
        },
        {
            "FacilityID": "201109-0003",
            "CompanyName": "Doric Group Holdings Pty Limited",
            "BrokerCompanyID": null,
            "BrokerCompanyName": null,
            "UnderwriterName": null,
            "UnderwriterEmail": null
        },
        {
            "FacilityID": "201110-0002",
            "CompanyName": "FK Gardner & Sons Pty Limited",
            "BrokerCompanyID": "1610",
            "BrokerCompanyName": "Commercial Finance Connections Pty Ltd",
            "UnderwriterName": "Timothy Sam",
            "UnderwriterEmail": ""
        },
        {
            "FacilityID": "201111-0001",
            "CompanyName": "Kenoss Contractors Pty Ltd",
            "BrokerCompanyID": "1387",
            "BrokerCompanyName": "MBA Insurance Services Pty Ltd",
            "UnderwriterName": "Andrew Calvert",
            "UnderwriterEmail": ""
        },
        {
            "FacilityID": "201111-0002",
            "CompanyName": "Winslow Constructors Pty Ltd",
            "BrokerCompanyID": null,
            "BrokerCompanyName": null,
            "UnderwriterName": "Ian Lee",
            "UnderwriterEmail": "Ian.Lee@assetinsure.com.au"
        },
        {
            "FacilityID": "201112-0001",
            "CompanyName": "Perkins (WA) Pty Ltd",
            "BrokerCompanyID": "5678",
            "BrokerCompanyName": "InsCap Pty Ltd",
            "UnderwriterName": "Ian Watt",
            "UnderwriterEmail": ""
        },
        {
            "FacilityID": "201202-0001",
            "CompanyName": "Matrix Group (Aust) Pty Limited",
            "BrokerCompanyID": "552",
            "BrokerCompanyName": "Marsh Pty Ltd",
            "UnderwriterName": "Andrew Calvert",
            "UnderwriterEmail": ""
        },
        {
            "FacilityID": "201205-0001",
            "CompanyName": "Sunland Group Limited",
            "BrokerCompanyID": "3984",
            "BrokerCompanyName": "Receivables Trade Credit & Surety",
            "UnderwriterName": "Mark Tryphon",
            "UnderwriterEmail": ""
        },
        {
            "FacilityID": "201207-0001",
            "CompanyName": "Facade Access Investment Holdings Pty Limited",
            "BrokerCompanyID": null,
            "BrokerCompanyName": null,
            "UnderwriterName": "Ian Lee",
            "UnderwriterEmail": ""
        },
        {
            "FacilityID": "201208-0002",
            "CompanyName": "Civil & Allied Technical Construction Pty Ltd",
            "BrokerCompanyID": null,
            "BrokerCompanyName": null,
            "UnderwriterName": "Gavin Mahoney",
            "UnderwriterEmail": ""
        },
        {
            "FacilityID": "201211-0001",
            "CompanyName": "Nace Civil Engineering Pty Ltd",
            "BrokerCompanyID": "2201",
            "BrokerCompanyName": "CRE Insurance Broking Pty Ltd",
            "UnderwriterName": "Gerry Twomey",
            "UnderwriterEmail": ""
        },
        {
            "FacilityID": "201211-0003",
            "CompanyName": "Nepean Design & Development Pty Ltd",
            "BrokerCompanyID": null,
            "BrokerCompanyName": null,
            "UnderwriterName": "Gerry Twomey",
            "UnderwriterEmail": "Gerry.Twomey@assetinsure.com.au"
        },
        {
            "FacilityID": "201212-0001",
            "CompanyName": "SRG Global Limited",
            "BrokerCompanyID": null,
            "BrokerCompanyName": null,
            "UnderwriterName": "Ian Watt",
            "UnderwriterEmail": ""
        },
        {
            "FacilityID": "201302-0001",
            "CompanyName": "Densford Civil Pty Ltd",
            "BrokerCompanyID": "331",
            "BrokerCompanyName": "Lockton Companies Australia Pty Ltd",
            "UnderwriterName": "Andrew Sim",
            "UnderwriterEmail": ""
        },
        {
            "FacilityID": "201303-0001",
            "CompanyName": "Seymour Whyte Constructions Pty Ltd",
            "BrokerCompanyID": null,
            "BrokerCompanyName": null,
            "UnderwriterName": "Timothy Sam",
            "UnderwriterEmail": ""
        },
        {
            "FacilityID": "201304-0001",
            "CompanyName": "B.M.D. Holdings Pty Ltd",
            "BrokerCompanyID": null,
            "BrokerCompanyName": null,
            "UnderwriterName": "Timothy Sam",
            "UnderwriterEmail": "Timothy.Sam@assetinsure.com.au"
        },
        {
            "FacilityID": "201304-0002",
            "CompanyName": "Total AMS Pty Ltd",
            "BrokerCompanyID": "7908",
            "BrokerCompanyName": "Billd Operations Pty Ltd",
            "UnderwriterName": "Ian Watt",
            "UnderwriterEmail": "Ian.Watt@assetinsure.com.au"
        },
        {
            "FacilityID": "201305-0001",
            "CompanyName": "Burton Contractors Pty Ltd",
            "BrokerCompanyID": null,
            "BrokerCompanyName": null,
            "UnderwriterName": "Gerry Twomey",
            "UnderwriterEmail": ""
        },
        {
            "FacilityID": "201306-0001",
            "CompanyName": "Built Holdings Pty Limited",
            "BrokerCompanyID": null,
            "BrokerCompanyName": null,
            "UnderwriterName": "Gerry Twomey",
            "UnderwriterEmail": ""
        },
        {
            "FacilityID": "201306-0003",
            "CompanyName": "Nowra Coaches Pty Ltd",
            "BrokerCompanyID": "5912",
            "BrokerCompanyName": "R Ahern Pty Ltd",
            "UnderwriterName": "Andrew Sim",
            "UnderwriterEmail": ""
        },
        {
            "FacilityID": "201307-0001",
            "CompanyName": "SX Projects Pty Ltd",
            "BrokerCompanyID": null,
            "BrokerCompanyName": null,
            "UnderwriterName": "Andrew Calvert",
            "UnderwriterEmail": ""
        },
        {
            "FacilityID": "201310-0001",
            "CompanyName": "Valmec Australia Pty Limited",
            "BrokerCompanyID": null,
            "BrokerCompanyName": null,
            "UnderwriterName": "Ian Watt",
            "UnderwriterEmail": ""
        },
        {
            "FacilityID": "201310-0002",
            "CompanyName": "Ghella Pty Ltd",
            "BrokerCompanyID": null,
            "BrokerCompanyName": null,
            "UnderwriterName": "Timothy Sam",
            "UnderwriterEmail": ""
        },
        {
            "FacilityID": "201310-0003",
            "CompanyName": "Peloton Builders Pty Ltd",
            "BrokerCompanyID": null,
            "BrokerCompanyName": null,
            "UnderwriterName": "Andrew Calvert",
            "UnderwriterEmail": ""
        },
        {
            "FacilityID": "201310-0005",
            "CompanyName": "Fairbrother Pty Limited",
            "BrokerCompanyID": null,
            "BrokerCompanyName": null,
            "UnderwriterName": "Ian Lee",
            "UnderwriterEmail": ""
        },
        {
            "FacilityID": "201312-0002",
            "CompanyName": "Keystone Projects Group Pty Ltd",
            "BrokerCompanyID": "1387",
            "BrokerCompanyName": "MBA Insurance Services Pty Ltd",
            "UnderwriterName": "Andrew Calvert",
            "UnderwriterEmail": ""
        },
        {
            "FacilityID": "201402-0001",
            "CompanyName": "Newlands Civil Construction Pty Ltd",
            "BrokerCompanyID": "4036",
            "BrokerCompanyName": "BCS Broking Pty Ltd",
            "UnderwriterName": "Gavin Mahoney",
            "UnderwriterEmail": ""
        },
        {
            "FacilityID": "201403-0001",
            "CompanyName": "Arrow International Group Limited Company Number 3383875",
            "BrokerCompanyID": "4619",
            "BrokerCompanyName": "Bonded NZ Ltd, Surety Brokers",
            "UnderwriterName": "Timothy Sam",
            "UnderwriterEmail": ""
        },
        {
            "FacilityID": "201404-0001",
            "CompanyName": "Abergeldie Consolidated Pty Ltd",
            "BrokerCompanyID": null,
            "BrokerCompanyName": null,
            "UnderwriterName": "Mark Tryphon",
            "UnderwriterEmail": ""
        },
        {
            "FacilityID": "201405-0001",
            "CompanyName": "Belgravia Health & Leisure Group Pty Ltd",
            "BrokerCompanyID": "2638",
            "BrokerCompanyName": "Insurance House Pty Ltd",
            "UnderwriterName": "Ian Lee",
            "UnderwriterEmail": ""
        },
        {
            "FacilityID": "201405-0002",
            "CompanyName": "Hamilton & Marino Holdings Pty Limited.",
            "BrokerCompanyID": null,
            "BrokerCompanyName": null,
            "UnderwriterName": "Ian Lee",
            "UnderwriterEmail": "Ian.Lee@assetinsure.com.au"
        },
        {
            "FacilityID": "201407-0001",
            "CompanyName": "Valeo Construction Pty Ltd",
            "BrokerCompanyID": "",
            "BrokerCompanyName": "Willis Construction Risks",
            "UnderwriterName": "Ian Lee",
            "UnderwriterEmail": ""
        },
        {
            "FacilityID": "201409-0001",
            "CompanyName": "Parkview Constructions Pty Limited",
            "BrokerCompanyID": "144",
            "BrokerCompanyName": "Arthur J. Gallagher & Co (Aus) Ltd WA",
            "UnderwriterName": "Gerry Twomey",
            "UnderwriterEmail": ""
        },
        {
            "FacilityID": "201410-0001",
            "CompanyName": "NSG (Boffa) Pty Ltd",
            "BrokerCompanyID": null,
            "BrokerCompanyName": null,
            "UnderwriterName": "Andrew Sim",
            "UnderwriterEmail": ""
        },
        {
            "FacilityID": "201410-0002",
            "CompanyName": "Canstruct Pty Limited",
            "BrokerCompanyID": null,
            "BrokerCompanyName": null,
            "UnderwriterName": "Gerry Twomey",
            "UnderwriterEmail": ""
        },
        {
            "FacilityID": "201410-0003",
            "CompanyName": "Richard Crookes Constructions Pty Ltd",
            "BrokerCompanyID": "122",
            "BrokerCompanyName": "Stening Simpson Group",
            "UnderwriterName": "Gerry Twomey",
            "UnderwriterEmail": ""
        },
        {
            "FacilityID": "201411-0001",
            "CompanyName": "Calibre Group Ltd",
            "BrokerCompanyID": "331",
            "BrokerCompanyName": "Lockton Companies Australia Pty Ltd",
            "UnderwriterName": "Mark Tryphon",
            "UnderwriterEmail": ""
        },
        {
            "FacilityID": "201501-0001",
            "CompanyName": "Shadforth's Civil Pty Limited",
            "BrokerCompanyID": null,
            "BrokerCompanyName": null,
            "UnderwriterName": "Timothy Sam",
            "UnderwriterEmail": ""
        },
        {
            "FacilityID": "201502-0001",
            "CompanyName": "FDC Construction & Fitout Pty Limited",
            "BrokerCompanyID": "144",
            "BrokerCompanyName": "Arthur J. Gallagher & Co (Aus) Ltd WA",
            "UnderwriterName": "Gerry Twomey",
            "UnderwriterEmail": ""
        },
        {
            "FacilityID": "201504-0001",
            "CompanyName": "Whittens Pty Limited",
            "BrokerCompanyID": "5678",
            "BrokerCompanyName": "InsCap Pty Ltd",
            "UnderwriterName": "Ian Watt",
            "UnderwriterEmail": ""
        },
        {
            "FacilityID": "201504-0002",
            "CompanyName": "Leighs Construction Limited (NZCN 534497)",
            "BrokerCompanyID": null,
            "BrokerCompanyName": null,
            "UnderwriterName": "Timothy Sam",
            "UnderwriterEmail": ""
        },
        {
            "FacilityID": "201506-0001",
            "CompanyName": "Wormall Civil Pty Ltd",
            "BrokerCompanyID": "3613",
            "BrokerCompanyName": "Cambridge Insurance Brokers Pty Ltd",
            "UnderwriterName": "Ian Watt",
            "UnderwriterEmail": ""
        },
        {
            "FacilityID": "201507-0001",
            "CompanyName": "Hansen Yuncken Pty Ltd",
            "BrokerCompanyID": "2638",
            "BrokerCompanyName": "Insurance House Pty Ltd",
            "UnderwriterName": "Ian Lee",
            "UnderwriterEmail": ""
        },
        {
            "FacilityID": "201507-0002",
            "CompanyName": "Strongbuild Commercial Pty Ltd",
            "BrokerCompanyID": "605",
            "BrokerCompanyName": "Austbrokers Trade Credit Pty",
            "UnderwriterName": "Mark Tryphon",
            "UnderwriterEmail": ""
        },
        {
            "FacilityID": "201508-0003",
            "CompanyName": "Waco Kwikform Limited",
            "BrokerCompanyID": "122",
            "BrokerCompanyName": "Stening Simpson Group",
            "UnderwriterName": "Gerry Twomey",
            "UnderwriterEmail": ""
        },
        {
            "FacilityID": "201508-0004",
            "CompanyName": "John Holland Group Pty Limited.",
            "BrokerCompanyID": null,
            "BrokerCompanyName": null,
            "UnderwriterName": "Ian Lee",
            "UnderwriterEmail": ""
        },
        {
            "FacilityID": "201510-0001",
            "CompanyName": "Fredon Industries Pty Limited",
            "BrokerCompanyID": null,
            "BrokerCompanyName": null,
            "UnderwriterName": "Gerry Twomey",
            "UnderwriterEmail": ""
        },
        {
            "FacilityID": "201510-0002",
            "CompanyName": "J K Williams Contracting Pty Limited",
            "BrokerCompanyID": "2107",
            "BrokerCompanyName": "Arthur J. Gallagher (Aus) Pty Ltd",
            "UnderwriterName": "Gerry Twomey",
            "UnderwriterEmail": ""
        },
        {
            "FacilityID": "201511-0002",
            "CompanyName": "Ace Contractors Group Pty. Ltd.",
            "BrokerCompanyID": "5678",
            "BrokerCompanyName": "InsCap Pty Ltd",
            "UnderwriterName": "Ian Lee",
            "UnderwriterEmail": ""
        },
        {
            "FacilityID": "201601-0001",
            "CompanyName": "McConnell Dowell Downer Unincorporated Joint Venture (NZ)",
            "BrokerCompanyID": null,
            "BrokerCompanyName": null,
            "UnderwriterName": "Ian Lee",
            "UnderwriterEmail": ""
        },
        {
            "FacilityID": "201604-0001",
            "CompanyName": "Tomkins Commercial & Industrial Builders Pty Ltd",
            "BrokerCompanyID": null,
            "BrokerCompanyName": null,
            "UnderwriterName": "Timothy Sam",
            "UnderwriterEmail": ""
        },
        {
            "FacilityID": "201605-0002",
            "CompanyName": "SEE Civil Pty Ltd",
            "BrokerCompanyID": "117",
            "BrokerCompanyName": "Willis Construction Risks",
            "UnderwriterName": "Gavin Mahoney",
            "UnderwriterEmail": ""
        }
    ],
    "CurPage": 1,
    "CountPerPage": 100,
    "ResultTotal": 260
}
]]></system-out>
  </testcase>
</testsuite>