<?xml version="1.0" encoding="UTF-8"?>
<testng-results ignored="0" total="1" passed="1" failed="0" skipped="0">
  <reporter-output>
  </reporter-output>
  <suite started-at="2024-06-05T15:35:04 IST" name="Default suite" finished-at="2024-06-05T15:35:10 IST" duration-ms="5382">
    <groups>
    </groups>
    <test started-at="2024-06-05T15:35:04 IST" name="Default test" finished-at="2024-06-05T15:35:10 IST" duration-ms="5382">
      <class name="api.endpoints.AccessToken">
        <test-method signature="obtainAccessToken()[pri:0, instance:api.endpoints.AccessToken@791f145a]" started-at="2024-06-05T15:35:04 IST" name="obtainAccessToken" finished-at="2024-06-05T15:35:10 IST" duration-ms="5271" status="PASS">
          <reporter-output>
          </reporter-output>
        </test-method> <!-- obtainAccessToken -->
      </class> <!-- api.endpoints.AccessToken -->
    </test> <!-- Default test -->
  </suite> <!-- Default suite -->
</testng-results>
